#
# There is insufficient memory for the Java Runtime Environment to continue.
# Native memory allocation (malloc) failed to allocate 381681664 bytes for committing reserved memory.
# Possible reasons:
#   The system is out of physical RAM or swap space
#   In 32 bit mode, the process size limit was hit
# Possible solutions:
#   Reduce memory load on the system
#   Increase physical memory or swap space
#   Check if swap backing store is full
#   Use 64 bit Java on a 64 bit OS
#   Decrease Java heap size (-Xmx/-Xms)
#   Decrease number of Java threads
#   Decrease Java thread stack sizes (-Xss)
#   Set larger code cache with -XX:ReservedCodeCacheSize=
# This output file may be truncated or incomplete.
#
#  Out of Memory Error (os_linux.cpp:2756), pid=19883, tid=140333587187456
#
# JRE version: Java(TM) SE Runtime Environment (7.0_79-b15) (build 1.7.0_79-b15)
# Java VM: Java HotSpot(TM) 64-Bit Server VM (24.79-b02 mixed mode linux-amd64 compressed oops)
# Failed to write core dump. Core dumps have been disabled. To enable core dumping, try "ulimit -c unlimited" before starting Java again
#

---------------  T H R E A D  ---------------

Current thread (0x00007fa21c073000):  VMThread [stack: 0x00007fa1f58d4000,0x00007fa1f59d5000] [id=19901]

Stack: [0x00007fa1f58d4000,0x00007fa1f59d5000],  sp=0x00007fa1f59d3220,  free space=1020k
Native frames: (J=compiled Java code, j=interpreted, Vv=VM code, C=native code)
V  [libjvm.so+0x9a32da]  VMError::report_and_die()+0x2ea
V  [libjvm.so+0x497f7b]  report_vm_out_of_memory(char const*, int, unsigned long, char const*)+0x9b
V  [libjvm.so+0x81fcce]  os::Linux::commit_memory_impl(char*, unsigned long, bool)+0xfe
V  [libjvm.so+0x820219]  os::pd_commit_memory(char*, unsigned long, unsigned long, bool)+0x29
V  [libjvm.so+0x819faa]  os::commit_memory(char*, unsigned long, unsigned long, bool)+0x2a
V  [libjvm.so+0x88d863]  PSVirtualSpace::expand_by(unsigned long)+0x53
V  [libjvm.so+0x87ccc0]  PSOldGen::expand(unsigned long)+0x170
V  [libjvm.so+0x87cecb]  PSOldGen::resize(unsigned long)+0x1cb
V  [libjvm.so+0x885b91]  PSParallelCompact::invoke_no_policy(bool)+0x9b1
V  [libjvm.so+0x88bb0d]  PSScavenge::invoke()+0x1ad
V  [libjvm.so+0x842320]  ParallelScavengeHeap::failed_mem_allocate(unsigned long)+0x70
V  [libjvm.so+0x9a4b67]  VM_ParallelGCFailedAllocation::doit()+0x97
V  [libjvm.so+0x9ac005]  VM_Operation::evaluate()+0x55
V  [libjvm.so+0x9aa3ca]  VMThread::evaluate_operation(VM_Operation*)+0xba
V  [libjvm.so+0x9aa74e]  VMThread::loop()+0x1ce
V  [libjvm.so+0x9aabc0]  VMThread::run()+0x70
V  [libjvm.so+0x821ca8]  java_start(Thread*)+0x108

VM_Operation (0x00007fa222d3aeb0): ParallelGCFailedAllocation, mode: safepoint, requested by thread 0x00007fa21c00a000


---------------  P R O C E S S  ---------------

Java Threads: ( => current thread )
  0x00007fa21c0a2800 JavaThread "Service Thread" daemon [_thread_blocked, id=19907, stack(0x00007fa1f4a7f000,0x00007fa1f4b80000)]
  0x00007fa21c0a0000 JavaThread "C2 CompilerThread1" daemon [_thread_blocked, id=19906, stack(0x00007fa1f4b80000,0x00007fa1f4c81000)]
  0x00007fa21c09d000 JavaThread "C2 CompilerThread0" daemon [_thread_blocked, id=19905, stack(0x00007fa1f4c81000,0x00007fa1f4d82000)]
  0x00007fa21c09b000 JavaThread "Signal Dispatcher" daemon [_thread_blocked, id=19904, stack(0x00007fa1f4d82000,0x00007fa1f4e83000)]
  0x00007fa21c079800 JavaThread "Finalizer" daemon [_thread_blocked, id=19903, stack(0x00007fa1f56d2000,0x00007fa1f57d3000)]
  0x00007fa21c077800 JavaThread "Reference Handler" daemon [_thread_blocked, id=19902, stack(0x00007fa1f57d3000,0x00007fa1f58d4000)]
  0x00007fa21c00a000 JavaThread "main" [_thread_blocked, id=19885, stack(0x00007fa222c3c000,0x00007fa222d3d000)]

Other Threads:
=>0x00007fa21c073000 VMThread [stack: 0x00007fa1f58d4000,0x00007fa1f59d5000] [id=19901]
  0x00007fa21c0ad000 WatcherThread [stack: 0x00007fa1f497e000,0x00007fa1f4a7f000] [id=19908]

VM state:at safepoint (normal execution)

VM Mutex/Monitor currently owned by a thread:  ([mutex/lock_event])
[0x00007fa21c005ed0] ExpandHeap_lock - owner thread: 0x00007fa21c073000
[0x00007fa21c006550] Threads_lock - owner thread: 0x00007fa21c073000
[0x00007fa21c006a50] Heap_lock - owner thread: 0x00007fa21c00a000

Heap
 PSYoungGen      total 466432K, used 17328K [0x00000007d5500000, 0x0000000800000000, 0x0000000800000000)
  eden space 233472K, 0% used [0x00000007d5500000,0x00000007d5500000,0x00000007e3900000)
  from space 232960K, 7% used [0x00000007e3900000,0x00000007e49ec120,0x00000007f1c80000)
  to   space 232960K, 0% used [0x00000007f1c80000,0x00000007f1c80000,0x0000000800000000)
 ParOldGen       total 1019904K, used 1019597K [0x0000000780000000, 0x00000007be400000, 0x00000007d5500000)
  object space 1019904K, 99% used [0x0000000780000000,0x00000007be3b3558,0x00000007be400000)
 PSPermGen       total 21504K, used 5878K [0x000000077ae00000, 0x000000077c300000, 0x0000000780000000)
  object space 21504K, 27% used [0x000000077ae00000,0x000000077b3bdb48,0x000000077c300000)

Card table byte_map: [0x00007fa2189bb000,0x00007fa218de5000] byte_map_base: 0x00007fa214de4000

Polling page: 0x00007fa222d62000

Code Cache  [0x00007fa218de5000, 0x00007fa219225000, 0x00007fa21bde5000)
 total_blobs=1329 nmethods=1102 adapters=180 free_code_cache=45153Kb largest_free_block=45923968

Compilation events (10 events):
Event: 46.489 Thread 0x00007fa21c0a0000 1159             com.android.dx.rop.code.Rops::opAput (97 bytes)
Event: 46.490 Thread 0x00007fa21c0a0000 nmethod 1159 0x00007fa2190d8650 code [0x00007fa2190d87c0, 0x00007fa2190d8908]
Event: 46.746 Thread 0x00007fa21c09d000 1160             com.android.dx.rop.code.Rops::opOr (21 bytes)
Event: 46.748 Thread 0x00007fa21c09d000 nmethod 1160 0x00007fa2190e60d0 code [0x00007fa2190e6240, 0x00007fa2190e6428]
Event: 47.061 Thread 0x00007fa21c0a0000 1161             com.android.dx.ssa.ConstCollector$1::compare (13 bytes)
Event: 47.061 Thread 0x00007fa21c09d000 1162             com.android.dx.ssa.ConstCollector$1::compare (42 bytes)
Event: 47.068 Thread 0x00007fa21c09d000 nmethod 1162 0x00007fa218ef0150 code [0x00007fa218ef0320, 0x00007fa218ef0a78]
Event: 47.069 Thread 0x00007fa21c0a0000 nmethod 1161 0x00007fa2190d9410 code [0x00007fa2190d95e0, 0x00007fa2190d9db8]
Event: 47.625 Thread 0x00007fa21c09d000 1163             com.android.dx.cf.attrib.AttExceptions::byteLength (15 bytes)
Event: 47.626 Thread 0x00007fa21c09d000 nmethod 1163 0x00007fa218f577d0 code [0x00007fa218f57920, 0x00007fa218f579b8]

GC Heap History (10 events):
Event: 45.327 GC heap after
Heap after GC invocations=28 (full 5):
 PSYoungGen      total 503296K, used 187581K [0x00000007d5500000, 0x0000000800000000, 0x0000000800000000)
  eden space 315392K, 0% used [0x00000007d5500000,0x00000007d5500000,0x00000007e8900000)
  from space 187904K, 99% used [0x00000007e8900000,0x00000007f402f4f8,0x00000007f4080000)
  to   space 196096K, 0% used [0x00000007f4080000,0x00000007f4080000,0x0000000800000000)
 ParOldGen       total 1019904K, used 701961K [0x0000000780000000, 0x00000007be400000, 0x00000007d5500000)
  object space 1019904K, 68% used [0x0000000780000000,0x00000007aad826b0,0x00000007be400000)
 PSPermGen       total 21504K, used 5878K [0x000000077ae00000, 0x000000077c300000, 0x0000000780000000)
  object space 21504K, 27% used [0x000000077ae00000,0x000000077b3bd938,0x000000077c300000)
}
Event: 45.997 GC heap before
{Heap before GC invocations=29 (full 5):
 PSYoungGen      total 503296K, used 502973K [0x00000007d5500000, 0x0000000800000000, 0x0000000800000000)
  eden space 315392K, 100% used [0x00000007d5500000,0x00000007e8900000,0x00000007e8900000)
  from space 187904K, 99% used [0x00000007e8900000,0x00000007f402f4f8,0x00000007f4080000)
  to   space 196096K, 0% used [0x00000007f4080000,0x00000007f4080000,0x0000000800000000)
 ParOldGen       total 1019904K, used 701961K [0x0000000780000000, 0x00000007be400000, 0x00000007d5500000)
  object space 1019904K, 68% used [0x0000000780000000,0x00000007aad826b0,0x00000007be400000)
 PSPermGen       total 21504K, used 5878K [0x000000077ae00000, 0x000000077c300000, 0x0000000780000000)
  object space 21504K, 27% used [0x000000077ae00000,0x000000077b3bda68,0x000000077c300000)
Event: 46.161 GC heap after
Heap after GC invocations=29 (full 5):
 PSYoungGen      total 429568K, used 196089K [0x00000007d5500000, 0x0000000800000000, 0x0000000800000000)
  eden space 233472K, 0% used [0x00000007d5500000,0x00000007d5500000,0x00000007e3900000)
  from space 196096K, 99% used [0x00000007f4080000,0x00000007ffffe7a8,0x0000000800000000)
  to   space 232960K, 0% used [0x00000007e3900000,0x00000007e3900000,0x00000007f1c80000)
 ParOldGen       total 1019904K, used 742643K [0x0000000780000000, 0x00000007be400000, 0x00000007d5500000)
  object space 1019904K, 72% used [0x0000000780000000,0x00000007ad53cdc0,0x00000007be400000)
 PSPermGen       total 21504K, used 5878K [0x000000077ae00000, 0x000000077c300000, 0x0000000780000000)
  object space 21504K, 27% used [0x000000077ae00000,0x000000077b3bda68,0x000000077c300000)
}
Event: 46.605 GC heap before
{Heap before GC invocations=30 (full 5):
 PSYoungGen      total 429568K, used 429561K [0x00000007d5500000, 0x0000000800000000, 0x0000000800000000)
  eden space 233472K, 100% used [0x00000007d5500000,0x00000007e3900000,0x00000007e3900000)
  from space 196096K, 99% used [0x00000007f4080000,0x00000007ffffe7a8,0x0000000800000000)
  to   space 232960K, 0% used [0x00000007e3900000,0x00000007e3900000,0x00000007f1c80000)
 ParOldGen       total 1019904K, used 742643K [0x0000000780000000, 0x00000007be400000, 0x00000007d5500000)
  object space 1019904K, 72% used [0x0000000780000000,0x00000007ad53cdc0,0x00000007be400000)
 PSPermGen       total 21504K, used 5878K [0x000000077ae00000, 0x000000077c300000, 0x0000000780000000)
  object space 21504K, 27% used [0x000000077ae00000,0x000000077b3bda68,0x000000077c300000)
Event: 46.718 GC heap after
Heap after GC invocations=30 (full 5):
 PSYoungGen      total 466432K, used 232649K [0x00000007d5500000, 0x0000000800000000, 0x0000000800000000)
  eden space 233472K, 0% used [0x00000007d5500000,0x00000007d5500000,0x00000007e3900000)
  from space 232960K, 99% used [0x00000007e3900000,0x00000007f1c326d0,0x00000007f1c80000)
  to   space 232960K, 0% used [0x00000007f1c80000,0x00000007f1c80000,0x0000000800000000)
 ParOldGen       total 1019904K, used 742643K [0x0000000780000000, 0x00000007be400000, 0x00000007d5500000)
  object space 1019904K, 72% used [0x0000000780000000,0x00000007ad53cdc0,0x00000007be400000)
 PSPermGen       total 21504K, used 5878K [0x000000077ae00000, 0x000000077c300000, 0x0000000780000000)
  object space 21504K, 27% used [0x000000077ae00000,0x000000077b3bda68,0x000000077c300000)
}
Event: 47.138 GC heap before
{Heap before GC invocations=31 (full 5):
 PSYoungGen      total 466432K, used 466121K [0x00000007d5500000, 0x0000000800000000, 0x0000000800000000)
  eden space 233472K, 100% used [0x00000007d5500000,0x00000007e3900000,0x00000007e3900000)
  from space 232960K, 99% used [0x00000007e3900000,0x00000007f1c326d0,0x00000007f1c80000)
  to   space 232960K, 0% used [0x00000007f1c80000,0x00000007f1c80000,0x0000000800000000)
 ParOldGen       total 1019904K, used 742643K [0x0000000780000000, 0x00000007be400000, 0x00000007d5500000)
  object space 1019904K, 72% used [0x0000000780000000,0x00000007ad53cdc0,0x00000007be400000)
 PSPermGen       total 21504K, used 5879K [0x000000077ae00000, 0x000000077c300000, 0x0000000780000000)
  object space 21504K, 27% used [0x000000077ae00000,0x000000077b3bdc68,0x000000077c300000)
Event: 47.302 GC heap after
Heap after GC invocations=31 (full 5):
 PSYoungGen      total 466432K, used 174698K [0x00000007d5500000, 0x0000000800000000, 0x0000000800000000)
  eden space 233472K, 0% used [0x00000007d5500000,0x00000007d5500000,0x00000007e3900000)
  from space 232960K, 74% used [0x00000007f1c80000,0x00000007fc71a818,0x0000000800000000)
  to   space 232960K, 0% used [0x00000007e3900000,0x00000007e3900000,0x00000007f1c80000)
 ParOldGen       total 1019904K, used 835127K [0x0000000780000000, 0x00000007be400000, 0x00000007d5500000)
  object space 1019904K, 81% used [0x0000000780000000,0x00000007b2f8dc00,0x00000007be400000)
 PSPermGen       total 21504K, used 5879K [0x000000077ae00000, 0x000000077c300000, 0x0000000780000000)
  object space 21504K, 27% used [0x000000077ae00000,0x000000077b3bdc68,0x000000077c300000)
}
Event: 47.704 GC heap before
{Heap before GC invocations=32 (full 5):
 PSYoungGen      total 466432K, used 408170K [0x00000007d5500000, 0x0000000800000000, 0x0000000800000000)
  eden space 233472K, 100% used [0x00000007d5500000,0x00000007e3900000,0x00000007e3900000)
  from space 232960K, 74% used [0x00000007f1c80000,0x00000007fc71a818,0x0000000800000000)
  to   space 232960K, 0% used [0x00000007e3900000,0x00000007e3900000,0x00000007f1c80000)
 ParOldGen       total 1019904K, used 835127K [0x0000000780000000, 0x00000007be400000, 0x00000007d5500000)
  object space 1019904K, 81% used [0x0000000780000000,0x00000007b2f8dc00,0x00000007be400000)
 PSPermGen       total 21504K, used 5879K [0x000000077ae00000, 0x000000077c300000, 0x0000000780000000)
  object space 21504K, 27% used [0x000000077ae00000,0x000000077b3bdc68,0x000000077c300000)
Event: 47.832 GC heap after
Heap after GC invocations=32 (full 5):
 PSYoungGen      total 466432K, used 129843K [0x00000007d5500000, 0x0000000800000000, 0x0000000800000000)
  eden space 233472K, 0% used [0x00000007d5500000,0x00000007d5500000,0x00000007e3900000)
  from space 232960K, 55% used [0x00000007e3900000,0x00000007eb7ccc28,0x00000007f1c80000)
  to   space 232960K, 0% used [0x00000007f1c80000,0x00000007f1c80000,0x0000000800000000)
 ParOldGen       total 1019904K, used 916102K [0x0000000780000000, 0x00000007be400000, 0x00000007d5500000)
  object space 1019904K, 89% used [0x0000000780000000,0x00000007b7ea1958,0x00000007be400000)
 PSPermGen       total 21504K, used 5879K [0x000000077ae00000, 0x000000077c300000, 0x0000000780000000)
  object space 21504K, 27% used [0x000000077ae00000,0x000000077b3bdc68,0x000000077c300000)
}
Event: 47.832 GC heap before
{Heap before GC invocations=33 (full 6):
 PSYoungGen      total 466432K, used 129843K [0x00000007d5500000, 0x0000000800000000, 0x0000000800000000)
  eden space 233472K, 0% used [0x00000007d5500000,0x00000007d5500000,0x00000007e3900000)
  from space 232960K, 55% used [0x00000007e3900000,0x00000007eb7ccc28,0x00000007f1c80000)
  to   space 232960K, 0% used [0x00000007f1c80000,0x00000007f1c80000,0x0000000800000000)
 ParOldGen       total 1019904K, used 916102K [0x0000000780000000, 0x00000007be400000, 0x00000007d5500000)
  object space 1019904K, 89% used [0x0000000780000000,0x00000007b7ea1958,0x00000007be400000)
 PSPermGen       total 21504K, used 5879K [0x000000077ae00000, 0x000000077c300000, 0x0000000780000000)
  object space 21504K, 27% used [0x000000077ae00000,0x000000077b3bdc68,0x000000077c300000)

Deoptimization events (10 events):
Event: 36.664 Thread 0x00007fa21c00a000 Uncommon trap: reason=unreached action=reinterpret pc=0x00007fa2191b5d28 method=com.android.dx.rop.code.LocalItem.compareHandlesNulls(Lcom/android/dx/rop/cst/CstString;Lcom/android/dx/rop/cst/CstString;)I @ 8
Event: 36.664 Thread 0x00007fa21c00a000 Uncommon trap: reason=unreached action=reinterpret pc=0x00007fa218ec4700 method=com.android.dx.rop.code.LocalItem.compareHandlesNulls(Lcom/android/dx/rop/cst/CstString;Lcom/android/dx/rop/cst/CstString;)I @ 8
Event: 36.664 Thread 0x00007fa21c00a000 Uncommon trap: reason=unreached action=reinterpret pc=0x00007fa218ef7584 method=com.android.dx.rop.code.LocalItem.compareHandlesNulls(Lcom/android/dx/rop/cst/CstString;Lcom/android/dx/rop/cst/CstString;)I @ 8
Event: 36.875 Thread 0x00007fa21c00a000 Uncommon trap: reason=bimorphic action=maybe_recompile pc=0x00007fa2191f230c method=com.android.dx.cf.code.BytecodeArray.parseInstruction(ILcom/android/dx/cf/code/BytecodeArray$Visitor;)I @ 1224
Event: 36.875 Thread 0x00007fa21c00a000 Uncommon trap: reason=bimorphic action=maybe_recompile pc=0x00007fa2191f230c method=com.android.dx.cf.code.BytecodeArray.parseInstruction(ILcom/android/dx/cf/code/BytecodeArray$Visitor;)I @ 1224
Event: 39.783 Thread 0x00007fa21c00a000 Uncommon trap: reason=unreached action=reinterpret pc=0x00007fa2190a2bf8 method=com.android.dx.dex.code.OutputFinisher.hasLocalInfo(Lcom/android/dx/rop/code/RegisterSpec;)Z @ 1
Event: 44.276 Thread 0x00007fa21c00a000 Uncommon trap: reason=unreached action=reinterpret pc=0x00007fa2191cbb28 method=com.android.dx.cf.direct.StdAttributeFactory.parse0(Lcom/android/dx/cf/direct/DirectClassFile;ILjava/lang/String;IILcom/android/dx/cf/iface/ParseObserver;)Lcom/android/dx/cf/i
Event: 45.518 Thread 0x00007fa21c00a000 Uncommon trap: reason=bimorphic action=maybe_recompile pc=0x00007fa21920c4c8 method=com.android.dx.cf.code.BytecodeArray.parseInstruction(ILcom/android/dx/cf/code/BytecodeArray$Visitor;)I @ 1525
Event: 45.518 Thread 0x00007fa21c00a000 Uncommon trap: reason=bimorphic action=maybe_recompile pc=0x00007fa21920c4c8 method=com.android.dx.cf.code.BytecodeArray.parseInstruction(ILcom/android/dx/cf/code/BytecodeArray$Visitor;)I @ 1525
Event: 45.624 Thread 0x00007fa21c00a000 Uncommon trap: reason=class_check action=maybe_recompile pc=0x00007fa218ebcd0c method=com.android.dx.ssa.SCCP.simulateBranch(Lcom/android/dx/ssa/SsaInsn;)V @ 339

Internal exceptions (10 events):
Event: 36.664 Thread 0x00007fa21c00a000 Implicit null exception at 0x00007fa218ef26fb to 0x00007fa218ef3ca1
Event: 36.664 Thread 0x00007fa21c00a000 Implicit null exception at 0x00007fa218ef03a7 to 0x00007fa218ef07dd
Event: 36.664 Thread 0x00007fa21c00a000 Implicit null exception at 0x00007fa219006117 to 0x00007fa2190062f5
Event: 36.664 Thread 0x00007fa21c00a000 Implicit null exception at 0x00007fa2190c9d76 to 0x00007fa2190c9f0d
Event: 36.664 Thread 0x00007fa21c00a000 Implicit null exception at 0x00007fa2190c8522 to 0x00007fa2190c869d
Event: 36.664 Thread 0x00007fa21c00a000 Implicit null exception at 0x00007fa2191b5bf5 to 0x00007fa2191b5d15
Event: 36.664 Thread 0x00007fa21c00a000 Implicit null exception at 0x00007fa218ec379e to 0x00007fa218ec46e5
Event: 36.664 Thread 0x00007fa21c00a000 Implicit null exception at 0x00007fa218ef73d6 to 0x00007fa218ef7571
Event: 39.783 Thread 0x00007fa21c00a000 Implicit null exception at 0x00007fa2190a2bac to 0x00007fa2190a2be9
Event: 44.276 Thread 0x00007fa21c00a000 Threw 0x00000007e2d56b28 at /HUDSON/workspace/7u-2-build-linux-amd64/jdk7u79/2331/hotspot/src/share/vm/prims/jvm.cpp:1304

Events (10 events):
Event: 46.161 Executing VM operation: ParallelGCFailedAllocation done
Event: 46.605 Executing VM operation: ParallelGCFailedAllocation
Event: 46.718 Executing VM operation: ParallelGCFailedAllocation done
Event: 46.748 Thread 0x00007fa21c09d000 flushing nmethod 0x00007fa218ec2d50
Event: 46.748 Thread 0x00007fa21c09d000 flushing nmethod 0x00007fa218eefe50
Event: 46.748 Thread 0x00007fa21c09d000 flushing nmethod 0x00007fa218ef1c90
Event: 46.748 Thread 0x00007fa21c09d000 flushing nmethod 0x00007fa218ef7110
Event: 47.138 Executing VM operation: ParallelGCFailedAllocation
Event: 47.302 Executing VM operation: ParallelGCFailedAllocation done
Event: 47.704 Executing VM operation: ParallelGCFailedAllocation


Dynamic libraries:
00400000-00401000 r-xp 00000000 08:05 4604586                            /usr/java/jdk1.7.0_79/bin/java
00600000-00601000 rw-p 00000000 08:05 4604586                            /usr/java/jdk1.7.0_79/bin/java
02332000-02353000 rw-p 00000000 00:00 0                                  [heap]
77ae00000-77c300000 rw-p 00000000 00:00 0 
77c300000-780000000 rw-p 00000000 00:00 0 
780000000-7be400000 rw-p 00000000 00:00 0 
7d5000000-7d5500000 rw-p 00000000 00:00 0 
7d5500000-800000000 rw-p 00000000 00:00 0 
7fa1d0000000-7fa1d0021000 rw-p 00000000 00:00 0 
7fa1d0021000-7fa1d4000000 ---p 00000000 00:00 0 
7fa1d4000000-7fa1d4021000 rw-p 00000000 00:00 0 
7fa1d4021000-7fa1d8000000 ---p 00000000 00:00 0 
7fa1d8000000-7fa1d9c70000 rw-p 00000000 00:00 0 
7fa1d9c70000-7fa1dc000000 ---p 00000000 00:00 0 
7fa1dc000000-7fa1dd252000 rw-p 00000000 00:00 0 
7fa1dd252000-7fa1e0000000 ---p 00000000 00:00 0 
7fa1e0000000-7fa1e0021000 rw-p 00000000 00:00 0 
7fa1e0021000-7fa1e4000000 ---p 00000000 00:00 0 
7fa1e4000000-7fa1e4021000 rw-p 00000000 00:00 0 
7fa1e4021000-7fa1e8000000 ---p 00000000 00:00 0 
7fa1e8000000-7fa1e824f000 rw-p 00000000 00:00 0 
7fa1e824f000-7fa1ec000000 ---p 00000000 00:00 0 
7fa1ec000000-7fa1ec021000 rw-p 00000000 00:00 0 
7fa1ec021000-7fa1f0000000 ---p 00000000 00:00 0 
7fa1f0000000-7fa1f0021000 rw-p 00000000 00:00 0 
7fa1f0021000-7fa1f4000000 ---p 00000000 00:00 0 
7fa1f43d9000-7fa1f440a000 rw-p 00000000 00:00 0 
7fa1f440a000-7fa1f4420000 r-xp 00000000 08:05 4602560                    /usr/java/jdk1.7.0_79/jre/lib/amd64/libnet.so
7fa1f4420000-7fa1f4620000 ---p 00016000 08:05 4602560                    /usr/java/jdk1.7.0_79/jre/lib/amd64/libnet.so
7fa1f4620000-7fa1f4621000 rw-p 00016000 08:05 4602560                    /usr/java/jdk1.7.0_79/jre/lib/amd64/libnet.so
7fa1f4621000-7fa1f4631000 r-xp 00000000 08:05 4602526                    /usr/java/jdk1.7.0_79/jre/lib/amd64/libnio.so
7fa1f4631000-7fa1f4831000 ---p 00010000 08:05 4602526                    /usr/java/jdk1.7.0_79/jre/lib/amd64/libnio.so
7fa1f4831000-7fa1f4832000 rw-p 00010000 08:05 4602526                    /usr/java/jdk1.7.0_79/jre/lib/amd64/libnio.so
7fa1f4832000-7fa1f4858000 rw-p 00000000 00:00 0 
7fa1f4858000-7fa1f497e000 r--s 00eae000 00:26 2627751                    /home/danyl/.gradle/caches/modules-2/files-2.1/com.google.appengine/appengine-api-1.0-sdk/1.9.20/3a85431ad0cb697ecce116bffe8e079cffc8c183/appengine-api-1.0-sdk-1.9.20.jar
7fa1f497e000-7fa1f497f000 ---p 00000000 00:00 0 
7fa1f497f000-7fa1f4a7f000 rw-p 00000000 00:00 0                          [stack:19908]
7fa1f4a7f000-7fa1f4a82000 ---p 00000000 00:00 0 
7fa1f4a82000-7fa1f4b80000 rw-p 00000000 00:00 0                          [stack:19907]
7fa1f4b80000-7fa1f4b83000 ---p 00000000 00:00 0 
7fa1f4b83000-7fa1f4c81000 rw-p 00000000 00:00 0                          [stack:19906]
7fa1f4c81000-7fa1f4c84000 ---p 00000000 00:00 0 
7fa1f4c84000-7fa1f4d82000 rw-p 00000000 00:00 0                          [stack:19905]
7fa1f4d82000-7fa1f4d85000 ---p 00000000 00:00 0 
7fa1f4d85000-7fa1f4e83000 rw-p 00000000 00:00 0                          [stack:19904]
7fa1f4e83000-7fa1f56d2000 r--p 00000000 08:05 4201954                    /usr/lib/locale/locale-archive
7fa1f56d2000-7fa1f56d5000 ---p 00000000 00:00 0 
7fa1f56d5000-7fa1f57d3000 rw-p 00000000 00:00 0                          [stack:19903]
7fa1f57d3000-7fa1f57d6000 ---p 00000000 00:00 0 
7fa1f57d6000-7fa1f58d4000 rw-p 00000000 00:00 0                          [stack:19902]
7fa1f58d4000-7fa1f58d5000 ---p 00000000 00:00 0 
7fa1f58d5000-7fa1f7664000 rw-p 00000000 00:00 0                          [stack:19901]
7fa1f7664000-7fa1f7824000 r--s 039f7000 08:05 4603126                    /usr/java/jdk1.7.0_79/jre/lib/rt.jar
7fa1f7824000-7fa1fc000000 rw-p 00000000 00:00 0 
7fa1fc000000-7fa1fc021000 rw-p 00000000 00:00 0 
7fa1fc021000-7fa200000000 ---p 00000000 00:00 0 
7fa200000000-7fa200021000 rw-p 00000000 00:00 0 
7fa200021000-7fa204000000 ---p 00000000 00:00 0 
7fa204000000-7fa204021000 rw-p 00000000 00:00 0 
7fa204021000-7fa208000000 ---p 00000000 00:00 0 
7fa208000000-7fa208021000 rw-p 00000000 00:00 0 
7fa208021000-7fa20c000000 ---p 00000000 00:00 0 
7fa20c000000-7fa20c021000 rw-p 00000000 00:00 0 
7fa20c021000-7fa210000000 ---p 00000000 00:00 0 
7fa210000000-7fa210021000 rw-p 00000000 00:00 0 
7fa210021000-7fa214000000 ---p 00000000 00:00 0 
7fa214000000-7fa214021000 rw-p 00000000 00:00 0 
7fa214021000-7fa218000000 ---p 00000000 00:00 0 
7fa218009000-7fa21800a000 ---p 00000000 00:00 0 
7fa21800a000-7fa21810a000 rw-p 00000000 00:00 0                          [stack:19900]
7fa21810a000-7fa21810b000 ---p 00000000 00:00 0 
7fa21810b000-7fa21820b000 rw-p 00000000 00:00 0                          [stack:19899]
7fa21820b000-7fa21820c000 ---p 00000000 00:00 0 
7fa21820c000-7fa21830c000 rw-p 00000000 00:00 0                          [stack:19898]
7fa21830c000-7fa21830d000 ---p 00000000 00:00 0 
7fa21830d000-7fa21840d000 rw-p 00000000 00:00 0                          [stack:19896]
7fa21840d000-7fa21840e000 ---p 00000000 00:00 0 
7fa21840e000-7fa21850e000 rw-p 00000000 00:00 0                          [stack:19894]
7fa21850e000-7fa21850f000 ---p 00000000 00:00 0 
7fa21850f000-7fa21860f000 rw-p 00000000 00:00 0                          [stack:19893]
7fa21860f000-7fa218610000 ---p 00000000 00:00 0 
7fa218610000-7fa218902000 rw-p 00000000 00:00 0                          [stack:19891]
7fa218902000-7fa2189bb000 rw-p 00000000 00:00 0 
7fa2189bb000-7fa2189c6000 rw-p 00000000 00:00 0 
7fa2189c6000-7fa2189e4000 rw-p 00000000 00:00 0 
7fa2189e4000-7fa218bd6000 rw-p 00000000 00:00 0 
7fa218bd6000-7fa218c8e000 rw-p 00000000 00:00 0 
7fa218c8e000-7fa218de4000 rw-p 00000000 00:00 0 
7fa218de4000-7fa218de5000 rw-p 00000000 00:00 0 
7fa218de5000-7fa219225000 rwxp 00000000 00:00 0 
7fa219225000-7fa21bde5000 rw-p 00000000 00:00 0 
7fa21bde5000-7fa21bdff000 r-xp 00000000 08:05 4602555                    /usr/java/jdk1.7.0_79/jre/lib/amd64/libzip.so
7fa21bdff000-7fa21bfff000 ---p 0001a000 08:05 4602555                    /usr/java/jdk1.7.0_79/jre/lib/amd64/libzip.so
7fa21bfff000-7fa21c000000 rw-p 0001a000 08:05 4602555                    /usr/java/jdk1.7.0_79/jre/lib/amd64/libzip.so
7fa21c000000-7fa21c380000 rw-p 00000000 00:00 0 
7fa21c380000-7fa220000000 ---p 00000000 00:00 0 
7fa22001f000-7fa220020000 ---p 00000000 00:00 0 
7fa220020000-7fa22012b000 rw-p 00000000 00:00 0                          [stack:19888]
7fa22012b000-7fa220149000 rw-p 00000000 00:00 0 
7fa220149000-7fa220154000 r-xp 00000000 08:05 4462328                    /lib/x86_64-linux-gnu/libnss_files-2.19.so
7fa220154000-7fa220353000 ---p 0000b000 08:05 4462328                    /lib/x86_64-linux-gnu/libnss_files-2.19.so
7fa220353000-7fa220354000 r--p 0000a000 08:05 4462328                    /lib/x86_64-linux-gnu/libnss_files-2.19.so
7fa220354000-7fa220355000 rw-p 0000b000 08:05 4462328                    /lib/x86_64-linux-gnu/libnss_files-2.19.so
7fa220355000-7fa220360000 r-xp 00000000 08:05 4462330                    /lib/x86_64-linux-gnu/libnss_nis-2.19.so
7fa220360000-7fa22055f000 ---p 0000b000 08:05 4462330                    /lib/x86_64-linux-gnu/libnss_nis-2.19.so
7fa22055f000-7fa220560000 r--p 0000a000 08:05 4462330                    /lib/x86_64-linux-gnu/libnss_nis-2.19.so
7fa220560000-7fa220561000 rw-p 0000b000 08:05 4462330                    /lib/x86_64-linux-gnu/libnss_nis-2.19.so
7fa220561000-7fa220578000 r-xp 00000000 08:05 4462314                    /lib/x86_64-linux-gnu/libnsl-2.19.so
7fa220578000-7fa220777000 ---p 00017000 08:05 4462314                    /lib/x86_64-linux-gnu/libnsl-2.19.so
7fa220777000-7fa220778000 r--p 00016000 08:05 4462314                    /lib/x86_64-linux-gnu/libnsl-2.19.so
7fa220778000-7fa220779000 rw-p 00017000 08:05 4462314                    /lib/x86_64-linux-gnu/libnsl-2.19.so
7fa220779000-7fa22077b000 rw-p 00000000 00:00 0 
7fa22077b000-7fa220784000 r-xp 00000000 08:05 4462315                    /lib/x86_64-linux-gnu/libnss_compat-2.19.so
7fa220784000-7fa220983000 ---p 00009000 08:05 4462315                    /lib/x86_64-linux-gnu/libnss_compat-2.19.so
7fa220983000-7fa220984000 r--p 00008000 08:05 4462315                    /lib/x86_64-linux-gnu/libnss_compat-2.19.so
7fa220984000-7fa220985000 rw-p 00009000 08:05 4462315                    /lib/x86_64-linux-gnu/libnss_compat-2.19.so
7fa220985000-7fa2209ae000 r-xp 00000000 08:05 4602521                    /usr/java/jdk1.7.0_79/jre/lib/amd64/libjava.so
7fa2209ae000-7fa220bae000 ---p 00029000 08:05 4602521                    /usr/java/jdk1.7.0_79/jre/lib/amd64/libjava.so
7fa220bae000-7fa220bb0000 rw-p 00029000 08:05 4602521                    /usr/java/jdk1.7.0_79/jre/lib/amd64/libjava.so
7fa220bb0000-7fa220bbd000 r-xp 00000000 08:05 4602548                    /usr/java/jdk1.7.0_79/jre/lib/amd64/libverify.so
7fa220bbd000-7fa220dbc000 ---p 0000d000 08:05 4602548                    /usr/java/jdk1.7.0_79/jre/lib/amd64/libverify.so
7fa220dbc000-7fa220dbe000 rw-p 0000c000 08:05 4602548                    /usr/java/jdk1.7.0_79/jre/lib/amd64/libverify.so
7fa220dbe000-7fa220dc5000 r-xp 00000000 08:05 4462331                    /lib/x86_64-linux-gnu/librt-2.19.so
7fa220dc5000-7fa220fc4000 ---p 00007000 08:05 4462331                    /lib/x86_64-linux-gnu/librt-2.19.so
7fa220fc4000-7fa220fc5000 r--p 00006000 08:05 4462331                    /lib/x86_64-linux-gnu/librt-2.19.so
7fa220fc5000-7fa220fc6000 rw-p 00007000 08:05 4462331                    /lib/x86_64-linux-gnu/librt-2.19.so
7fa220fc6000-7fa2210cb000 r-xp 00000000 08:05 4462310                    /lib/x86_64-linux-gnu/libm-2.19.so
7fa2210cb000-7fa2212ca000 ---p 00105000 08:05 4462310                    /lib/x86_64-linux-gnu/libm-2.19.so
7fa2212ca000-7fa2212cb000 r--p 00104000 08:05 4462310                    /lib/x86_64-linux-gnu/libm-2.19.so
7fa2212cb000-7fa2212cc000 rw-p 00105000 08:05 4462310                    /lib/x86_64-linux-gnu/libm-2.19.so
7fa2212cc000-7fa221e41000 r-xp 00000000 08:05 4602575                    /usr/java/jdk1.7.0_79/jre/lib/amd64/server/libjvm.so
7fa221e41000-7fa222041000 ---p 00b75000 08:05 4602575                    /usr/java/jdk1.7.0_79/jre/lib/amd64/server/libjvm.so
7fa222041000-7fa222105000 rw-p 00b75000 08:05 4602575                    /usr/java/jdk1.7.0_79/jre/lib/amd64/server/libjvm.so
7fa222105000-7fa222146000 rw-p 00000000 00:00 0 
7fa222146000-7fa222300000 r-xp 00000000 08:05 4462329                    /lib/x86_64-linux-gnu/libc-2.19.so
7fa222300000-7fa2224ff000 ---p 001ba000 08:05 4462329                    /lib/x86_64-linux-gnu/libc-2.19.so
7fa2224ff000-7fa222503000 r--p 001b9000 08:05 4462329                    /lib/x86_64-linux-gnu/libc-2.19.so
7fa222503000-7fa222505000 rw-p 001bd000 08:05 4462329                    /lib/x86_64-linux-gnu/libc-2.19.so
7fa222505000-7fa22250a000 rw-p 00000000 00:00 0 
7fa22250a000-7fa22250d000 r-xp 00000000 08:05 4462317                    /lib/x86_64-linux-gnu/libdl-2.19.so
7fa22250d000-7fa22270c000 ---p 00003000 08:05 4462317                    /lib/x86_64-linux-gnu/libdl-2.19.so
7fa22270c000-7fa22270d000 r--p 00002000 08:05 4462317                    /lib/x86_64-linux-gnu/libdl-2.19.so
7fa22270d000-7fa22270e000 rw-p 00003000 08:05 4462317                    /lib/x86_64-linux-gnu/libdl-2.19.so
7fa22270e000-7fa222724000 r-xp 00000000 08:05 4603307                    /usr/java/jdk1.7.0_79/lib/amd64/jli/libjli.so
7fa222724000-7fa222924000 ---p 00016000 08:05 4603307                    /usr/java/jdk1.7.0_79/lib/amd64/jli/libjli.so
7fa222924000-7fa222925000 rw-p 00016000 08:05 4603307                    /usr/java/jdk1.7.0_79/lib/amd64/jli/libjli.so
7fa222925000-7fa22293e000 r-xp 00000000 08:05 4462318                    /lib/x86_64-linux-gnu/libpthread-2.19.so
7fa22293e000-7fa222b3d000 ---p 00019000 08:05 4462318                    /lib/x86_64-linux-gnu/libpthread-2.19.so
7fa222b3d000-7fa222b3e000 r--p 00018000 08:05 4462318                    /lib/x86_64-linux-gnu/libpthread-2.19.so
7fa222b3e000-7fa222b3f000 rw-p 00019000 08:05 4462318                    /lib/x86_64-linux-gnu/libpthread-2.19.so
7fa222b3f000-7fa222b43000 rw-p 00000000 00:00 0 
7fa222b43000-7fa222b66000 r-xp 00000000 08:05 4462324                    /lib/x86_64-linux-gnu/ld-2.19.so
7fa222b7c000-7fa222b8d000 rw-p 00000000 00:00 0 
7fa222b8d000-7fa222c3c000 rw-p 00000000 00:00 0 
7fa222c3c000-7fa222c3f000 ---p 00000000 00:00 0 
7fa222c3f000-7fa222d41000 rw-p 00000000 00:00 0                          [stack:19885]
7fa222d49000-7fa222d4a000 rw-p 00000000 00:00 0 
7fa222d4a000-7fa222d59000 r--s 000dd000 00:26 3278540                    /home/danyl/Android/Sdk/build-tools/22.0.1/lib/dx.jar
7fa222d59000-7fa222d61000 rw-s 00000000 08:05 2896590                    /tmp/hsperfdata_danyl/19883
7fa222d61000-7fa222d62000 rw-p 00000000 00:00 0 
7fa222d62000-7fa222d63000 ---p 00000000 00:00 0 
7fa222d63000-7fa222d65000 rw-p 00000000 00:00 0 
7fa222d65000-7fa222d66000 r--p 00022000 08:05 4462324                    /lib/x86_64-linux-gnu/ld-2.19.so
7fa222d66000-7fa222d67000 rw-p 00023000 08:05 4462324                    /lib/x86_64-linux-gnu/ld-2.19.so
7fa222d67000-7fa222d68000 rw-p 00000000 00:00 0 
7fffb326b000-7fffb328c000 rw-p 00000000 00:00 0                          [stack]
7fffb32fd000-7fffb32ff000 r-xp 00000000 00:00 0                          [vdso]
7fffb32ff000-7fffb3301000 r--p 00000000 00:00 0                          [vvar]
ffffffffff600000-ffffffffff601000 r-xp 00000000 00:00 0                  [vsyscall]

VM Arguments:
jvm_args: -Xmx2048M -Dfile.encoding=UTF-8 -Duser.country=CA -Duser.language=en -Duser.variant 
java_command: com.android.dx.command.Main --dex --output /home/danyl/AndroidStudioProjects/RPSDuel/app/build/intermediates/pre-dexed/debug/appengine-api-1.0-sdk-1.9.20-3f062c06d9ef8942bd4c10610148b5d8e65879c0.jar /home/danyl/.gradle/caches/modules-2/files-2.1/com.google.appengine/appengine-api-1.0-sdk/1.9.20/3a85431ad0cb697ecce116bffe8e079cffc8c183/appengine-api-1.0-sdk-1.9.20.jar
Launcher Type: SUN_STANDARD

Environment Variables:
JAVA_HOME=/usr/java/default
PATH=/usr/local/heroku/bin:/home/danyl/.rbenv/shims:/home/danyl/.rbenv/bin:/home/danyl/bin:/usr/local/sbin:/usr/local/bin:/usr/sbin:/usr/bin:/sbin:/bin:/usr/games:/usr/local/games:/usr/java/default/bin
LD_LIBRARY_PATH=/usr/local/bin/android-studio/bin:
SHELL=/usr/bin/zsh
DISPLAY=:0.0

Signal Handlers:
SIGSEGV: [libjvm.so+0x9a3bf0], sa_mask[0]=0x7ffbfeff, sa_flags=0x10000004
SIGBUS: [libjvm.so+0x9a3bf0], sa_mask[0]=0x7ffbfeff, sa_flags=0x10000004
SIGFPE: [libjvm.so+0x81cb60], sa_mask[0]=0x7ffbfeff, sa_flags=0x10000004
SIGPIPE: [libjvm.so+0x81cb60], sa_mask[0]=0x7ffbfeff, sa_flags=0x10000004
SIGXFSZ: [libjvm.so+0x81cb60], sa_mask[0]=0x7ffbfeff, sa_flags=0x10000004
SIGILL: [libjvm.so+0x81cb60], sa_mask[0]=0x7ffbfeff, sa_flags=0x10000004
SIGUSR1: SIG_DFL, sa_mask[0]=0x00000000, sa_flags=0x00000000
SIGUSR2: [libjvm.so+0x81e360], sa_mask[0]=0x00000004, sa_flags=0x10000004
SIGHUP: [libjvm.so+0x81f480], sa_mask[0]=0x7ffbfeff, sa_flags=0x10000004
SIGINT: [libjvm.so+0x81f480], sa_mask[0]=0x7ffbfeff, sa_flags=0x10000004
SIGTERM: [libjvm.so+0x81f480], sa_mask[0]=0x7ffbfeff, sa_flags=0x10000004
SIGQUIT: [libjvm.so+0x81f480], sa_mask[0]=0x7ffbfeff, sa_flags=0x10000004


---------------  S Y S T E M  ---------------

OS:jessie/sid

uname:Linux 3.16.0-30-generic #40-Ubuntu SMP Mon Jan 12 22:06:37 UTC 2015 x86_64
libc:glibc 2.19 NPTL 2.19 
rlimit: STACK 8192k, CORE 0k, NPROC 30544, NOFILE 4096, AS infinity
load average:13.27 7.84 5.14

/proc/meminfo:
MemTotal:        8080288 kB
MemFree:          172536 kB
MemAvailable:     227360 kB
Buffers:           16492 kB
Cached:           279140 kB
SwapCached:            0 kB
Active:          7282348 kB
Inactive:         193524 kB
Active(anon):    7183940 kB
Inactive(anon):    97432 kB
Active(file):      98408 kB
Inactive(file):    96092 kB
Unevictable:          36 kB
Mlocked:              32 kB
SwapTotal:             0 kB
SwapFree:              0 kB
Dirty:                32 kB
Writeback:             0 kB
AnonPages:       7180552 kB
Mapped:           360212 kB
Shmem:            101028 kB
Slab:             122836 kB
SReclaimable:      58504 kB
SUnreclaim:        64332 kB
KernelStack:       10896 kB
PageTables:        46720 kB
NFS_Unstable:          0 kB
Bounce:                0 kB
WritebackTmp:          0 kB
CommitLimit:     4040144 kB
Committed_AS:   12192900 kB
VmallocTotal:   34359738367 kB
VmallocUsed:      254100 kB
VmallocChunk:   34359478140 kB
HardwareCorrupted:     0 kB
AnonHugePages:   4071424 kB
HugePages_Total:       0
HugePages_Free:        0
HugePages_Rsvd:        0
HugePages_Surp:        0
Hugepagesize:       2048 kB
DirectMap4k:      438940 kB
DirectMap2M:     7854080 kB


CPU:total 8 (4 cores per cpu, 2 threads per core) family 6 model 58 stepping 9, cmov, cx8, fxsr, mmx, sse, sse2, sse3, ssse3, sse4.1, sse4.2, popcnt, avx, aes, erms, ht, tsc, tscinvbit, tscinv

/proc/cpuinfo:
processor	: 0
vendor_id	: GenuineIntel
cpu family	: 6
model		: 58
model name	: Intel(R) Core(TM) i7-3615QM CPU @ 2.30GHz
stepping	: 9
microcode	: 0x15
cpu MHz		: 3100.058
cache size	: 6144 KB
physical id	: 0
siblings	: 8
core id		: 0
cpu cores	: 4
apicid		: 0
initial apicid	: 0
fpu		: yes
fpu_exception	: yes
cpuid level	: 13
wp		: yes
flags		: fpu vme de pse tsc msr pae mce cx8 apic sep mtrr pge mca cmov pat pse36 clflush dts acpi mmx fxsr sse sse2 ss ht tm pbe syscall nx rdtscp lm constant_tsc arch_perfmon pebs bts rep_good nopl xtopology nonstop_tsc aperfmperf eagerfpu pni pclmulqdq dtes64 monitor ds_cpl vmx est tm2 ssse3 cx16 xtpr pdcm pcid sse4_1 sse4_2 x2apic popcnt tsc_deadline_timer aes xsave avx f16c rdrand lahf_lm ida arat xsaveopt pln pts dtherm tpr_shadow vnmi flexpriority ept vpid fsgsbase smep erms
bogomips	: 4589.41
clflush size	: 64
cache_alignment	: 64
address sizes	: 36 bits physical, 48 bits virtual
power management:

processor	: 1
vendor_id	: GenuineIntel
cpu family	: 6
model		: 58
model name	: Intel(R) Core(TM) i7-3615QM CPU @ 2.30GHz
stepping	: 9
microcode	: 0x15
cpu MHz		: 3100.238
cache size	: 6144 KB
physical id	: 0
siblings	: 8
core id		: 1
cpu cores	: 4
apicid		: 2
initial apicid	: 2
fpu		: yes
fpu_exception	: yes
cpuid level	: 13
wp		: yes
flags		: fpu vme de pse tsc msr pae mce cx8 apic sep mtrr pge mca cmov pat pse36 clflush dts acpi mmx fxsr sse sse2 ss ht tm pbe syscall nx rdtscp lm constant_tsc arch_perfmon pebs bts rep_good nopl xtopology nonstop_tsc aperfmperf eagerfpu pni pclmulqdq dtes64 monitor ds_cpl vmx est tm2 ssse3 cx16 xtpr pdcm pcid sse4_1 sse4_2 x2apic popcnt tsc_deadline_timer aes xsave avx f16c rdrand lahf_lm ida arat xsaveopt pln pts dtherm tpr_shadow vnmi flexpriority ept vpid fsgsbase smep erms
bogomips	: 4589.41
clflush size	: 64
cache_alignment	: 64
address sizes	: 36 bits physical, 48 bits virtual
power management:

processor	: 2
vendor_id	: GenuineIntel
cpu family	: 6
model		: 58
model name	: Intel(R) Core(TM) i7-3615QM CPU @ 2.30GHz
stepping	: 9
microcode	: 0x15
cpu MHz		: 3264.382
cache size	: 6144 KB
physical id	: 0
siblings	: 8
core id		: 2
cpu cores	: 4
apicid		: 4
initial apicid	: 4
fpu		: yes
fpu_exception	: yes
cpuid level	: 13
wp		: yes
flags		: fpu vme de pse tsc msr pae mce cx8 apic sep mtrr pge mca cmov pat pse36 clflush dts acpi mmx fxsr sse sse2 ss ht tm pbe syscall nx rdtscp lm constant_tsc arch_perfmon pebs bts rep_good nopl xtopology nonstop_tsc aperfmperf eagerfpu pni pclmulqdq dtes64 monitor ds_cpl vmx est tm2 ssse3 cx16 xtpr pdcm pcid sse4_1 sse4_2 x2apic popcnt tsc_deadline_timer aes xsave avx f16c rdrand lahf_lm ida arat xsaveopt pln pts dtherm tpr_shadow vnmi flexpriority ept vpid fsgsbase smep erms
bogomips	: 4589.41
clflush size	: 64
cache_alignment	: 64
address sizes	: 36 bits physical, 48 bits virtual
power management:

processor	: 3
vendor_id	: GenuineIntel
cpu family	: 6
model		: 58
model name	: Intel(R) Core(TM) i7-3615QM CPU @ 2.30GHz
stepping	: 9
microcode	: 0x15
cpu MHz		: 3131.593
cache size	: 6144 KB
physical id	: 0
siblings	: 8
core id		: 3
cpu cores	: 4
apicid		: 6
initial apicid	: 6
fpu		: yes
fpu_exception	: yes
cpuid level	: 13
wp		: yes
flags		: fpu vme de pse tsc msr pae mce cx8 apic sep mtrr pge mca cmov pat pse36 clflush dts acpi mmx fxsr sse sse2 ss ht tm pbe syscall nx rdtscp lm constant_tsc arch_perfmon pebs bts rep_good nopl xtopology nonstop_tsc aperfmperf eagerfpu pni pclmulqdq dtes64 monitor ds_cpl vmx est tm2 ssse3 cx16 xtpr pdcm pcid sse4_1 sse4_2 x2apic popcnt tsc_deadline_timer aes xsave avx f16c rdrand lahf_lm ida arat xsaveopt pln pts dtherm tpr_shadow vnmi flexpriority ept vpid fsgsbase smep erms
bogomips	: 4589.41
clflush size	: 64
cache_alignment	: 64
address sizes	: 36 bits physical, 48 bits virtual
power management:

processor	: 4
vendor_id	: GenuineIntel
cpu family	: 6
model		: 58
model name	: Intel(R) Core(TM) i7-3615QM CPU @ 2.30GHz
stepping	: 9
microcode	: 0x15
cpu MHz		: 3099.968
cache size	: 6144 KB
physical id	: 0
siblings	: 8
core id		: 0
cpu cores	: 4
apicid		: 1
initial apicid	: 1
fpu		: yes
fpu_exception	: yes
cpuid level	: 13
wp		: yes
flags		: fpu vme de pse tsc msr pae mce cx8 apic sep mtrr pge mca cmov pat pse36 clflush dts acpi mmx fxsr sse sse2 ss ht tm pbe syscall nx rdtscp lm constant_tsc arch_perfmon pebs bts rep_good nopl xtopology nonstop_tsc aperfmperf eagerfpu pni pclmulqdq dtes64 monitor ds_cpl vmx est tm2 ssse3 cx16 xtpr pdcm pcid sse4_1 sse4_2 x2apic popcnt tsc_deadline_timer aes xsave avx f16c rdrand lahf_lm ida arat xsaveopt pln pts dtherm tpr_shadow vnmi flexpriority ept vpid fsgsbase smep erms
bogomips	: 4589.41
clflush size	: 64
cache_alignment	: 64
address sizes	: 36 bits physical, 48 bits virtual
power management:

processor	: 5
vendor_id	: GenuineIntel
cpu family	: 6
model		: 58
model name	: Intel(R) Core(TM) i7-3615QM CPU @ 2.30GHz
stepping	: 9
microcode	: 0x15
cpu MHz		: 3099.968
cache size	: 6144 KB
physical id	: 0
siblings	: 8
core id		: 1
cpu cores	: 4
apicid		: 3
initial apicid	: 3
fpu		: yes
fpu_exception	: yes
cpuid level	: 13
wp		: yes
flags		: fpu vme de pse tsc msr pae mce cx8 apic sep mtrr pge mca cmov pat pse36 clflush dts acpi mmx fxsr sse sse2 ss ht tm pbe syscall nx rdtscp lm constant_tsc arch_perfmon pebs bts rep_good nopl xtopology nonstop_tsc aperfmperf eagerfpu pni pclmulqdq dtes64 monitor ds_cpl vmx est tm2 ssse3 cx16 xtpr pdcm pcid sse4_1 sse4_2 x2apic popcnt tsc_deadline_timer aes xsave avx f16c rdrand lahf_lm ida arat xsaveopt pln pts dtherm tpr_shadow vnmi flexpriority ept vpid fsgsbase smep erms
bogomips	: 4589.41
clflush size	: 64
cache_alignment	: 64
address sizes	: 36 bits physical, 48 bits virtual
power management:

processor	: 6
vendor_id	: GenuineIntel
cpu family	: 6
model		: 58
model name	: Intel(R) Core(TM) i7-3615QM CPU @ 2.30GHz
stepping	: 9
microcode	: 0x15
cpu MHz		: 3237.250
cache size	: 6144 KB
physical id	: 0
siblings	: 8
core id		: 2
cpu cores	: 4
apicid		: 5
initial apicid	: 5
fpu		: yes
fpu_exception	: yes
cpuid level	: 13
wp		: yes
flags		: fpu vme de pse tsc msr pae mce cx8 apic sep mtrr pge mca cmov pat pse36 clflush dts acpi mmx fxsr sse sse2 ss ht tm pbe syscall nx rdtscp lm constant_tsc arch_perfmon pebs bts rep_good nopl xtopology nonstop_tsc aperfmperf eagerfpu pni pclmulqdq dtes64 monitor ds_cpl vmx est tm2 ssse3 cx16 xtpr pdcm pcid sse4_1 sse4_2 x2apic popcnt tsc_deadline_timer aes xsave avx f16c rdrand lahf_lm ida arat xsaveopt pln pts dtherm tpr_shadow vnmi flexpriority ept vpid fsgsbase smep erms
bogomips	: 4589.41
clflush size	: 64
cache_alignment	: 64
address sizes	: 36 bits physical, 48 bits virtual
power management:

processor	: 7
vendor_id	: GenuineIntel
cpu family	: 6
model		: 58
model name	: Intel(R) Core(TM) i7-3615QM CPU @ 2.30GHz
stepping	: 9
microcode	: 0x15
cpu MHz		: 3099.968
cache size	: 6144 KB
physical id	: 0
siblings	: 8
core id		: 3
cpu cores	: 4
apicid		: 7
initial apicid	: 7
fpu		: yes
fpu_exception	: yes
cpuid level	: 13
wp		: yes
flags		: fpu vme de pse tsc msr pae mce cx8 apic sep mtrr pge mca cmov pat pse36 clflush dts acpi mmx fxsr sse sse2 ss ht tm pbe syscall nx rdtscp lm constant_tsc arch_perfmon pebs bts rep_good nopl xtopology nonstop_tsc aperfmperf eagerfpu pni pclmulqdq dtes64 monitor ds_cpl vmx est tm2 ssse3 cx16 xtpr pdcm pcid sse4_1 sse4_2 x2apic popcnt tsc_deadline_timer aes xsave avx f16c rdrand lahf_lm ida arat xsaveopt pln pts dtherm tpr_shadow vnmi flexpriority ept vpid fsgsbase smep erms
bogomips	: 4589.41
clflush size	: 64
cache_alignment	: 64
address sizes	: 36 bits physical, 48 bits virtual
power management:



Memory: 4k page, physical 8080288k(172536k free), swap 0k(0k free)

vm_info: Java HotSpot(TM) 64-Bit Server VM (24.79-b02) for linux-amd64 JRE (1.7.0_79-b15), built on Apr 10 2015 11:34:48 by "java_re" with gcc 4.3.0 20080428 (Red Hat 4.3.0-8)

time: Thu May  7 11:42:21 2015
elapsed time: 49 seconds

