#
# There is insufficient memory for the Java Runtime Environment to continue.
# Native memory allocation (malloc) failed to allocate 380633088 bytes for committing reserved memory.
# Possible reasons:
#   The system is out of physical RAM or swap space
#   In 32 bit mode, the process size limit was hit
# Possible solutions:
#   Reduce memory load on the system
#   Increase physical memory or swap space
#   Check if swap backing store is full
#   Use 64 bit Java on a 64 bit OS
#   Decrease Java heap size (-Xmx/-Xms)
#   Decrease number of Java threads
#   Decrease Java thread stack sizes (-Xss)
#   Set larger code cache with -XX:ReservedCodeCacheSize=
# This output file may be truncated or incomplete.
#
#  Out of Memory Error (os_linux.cpp:2756), pid=18720, tid=140273451153152
#
# JRE version: Java(TM) SE Runtime Environment (7.0_79-b15) (build 1.7.0_79-b15)
# Java VM: Java HotSpot(TM) 64-Bit Server VM (24.79-b02 mixed mode linux-amd64 compressed oops)
# Failed to write core dump. Core dumps have been disabled. To enable core dumping, try "ulimit -c unlimited" before starting Java again
#

---------------  T H R E A D  ---------------

Current thread (0x00007f93fc073000):  VMThread [stack: 0x00007f93f52a3000,0x00007f93f53a4000] [id=18747]

Stack: [0x00007f93f52a3000,0x00007f93f53a4000],  sp=0x00007f93f53a23a0,  free space=1020k
Native frames: (J=compiled Java code, j=interpreted, Vv=VM code, C=native code)
V  [libjvm.so+0x9a32da]  VMError::report_and_die()+0x2ea
V  [libjvm.so+0x497f7b]  report_vm_out_of_memory(char const*, int, unsigned long, char const*)+0x9b
V  [libjvm.so+0x81fcce]  os::Linux::commit_memory_impl(char*, unsigned long, bool)+0xfe
V  [libjvm.so+0x820219]  os::pd_commit_memory(char*, unsigned long, unsigned long, bool)+0x29
V  [libjvm.so+0x819faa]  os::commit_memory(char*, unsigned long, unsigned long, bool)+0x2a
V  [libjvm.so+0x88d863]  PSVirtualSpace::expand_by(unsigned long)+0x53
V  [libjvm.so+0x87ccc0]  PSOldGen::expand(unsigned long)+0x170
V  [libjvm.so+0x87cecb]  PSOldGen::resize(unsigned long)+0x1cb
V  [libjvm.so+0x885b91]  PSParallelCompact::invoke_no_policy(bool)+0x9b1
V  [libjvm.so+0x88bb0d]  PSScavenge::invoke()+0x1ad
V  [libjvm.so+0x842320]  ParallelScavengeHeap::failed_mem_allocate(unsigned long)+0x70
V  [libjvm.so+0x9a4b67]  VM_ParallelGCFailedAllocation::doit()+0x97
V  [libjvm.so+0x9ac005]  VM_Operation::evaluate()+0x55
V  [libjvm.so+0x9aa3ca]  VMThread::evaluate_operation(VM_Operation*)+0xba
V  [libjvm.so+0x9aa74e]  VMThread::loop()+0x1ce
V  [libjvm.so+0x9aabc0]  VMThread::run()+0x70
V  [libjvm.so+0x821ca8]  java_start(Thread*)+0x108

VM_Operation (0x00007f9402463d90): ParallelGCFailedAllocation, mode: safepoint, requested by thread 0x00007f93fc00a000


---------------  P R O C E S S  ---------------

Java Threads: ( => current thread )
  0x00007f93fc0a2800 JavaThread "Service Thread" daemon [_thread_blocked, id=18772, stack(0x00007f93f444e000,0x00007f93f454f000)]
  0x00007f93fc0a0000 JavaThread "C2 CompilerThread1" daemon [_thread_blocked, id=18771, stack(0x00007f93f454f000,0x00007f93f4650000)]
  0x00007f93fc09d000 JavaThread "C2 CompilerThread0" daemon [_thread_blocked, id=18769, stack(0x00007f93f4650000,0x00007f93f4751000)]
  0x00007f93fc09b000 JavaThread "Signal Dispatcher" daemon [_thread_blocked, id=18767, stack(0x00007f93f4751000,0x00007f93f4852000)]
  0x00007f93fc079800 JavaThread "Finalizer" daemon [_thread_blocked, id=18755, stack(0x00007f93f50a1000,0x00007f93f51a2000)]
  0x00007f93fc077800 JavaThread "Reference Handler" daemon [_thread_blocked, id=18754, stack(0x00007f93f51a2000,0x00007f93f52a3000)]
  0x00007f93fc00a000 JavaThread "main" [_thread_blocked, id=18722, stack(0x00007f9402365000,0x00007f9402466000)]

Other Threads:
=>0x00007f93fc073000 VMThread [stack: 0x00007f93f52a3000,0x00007f93f53a4000] [id=18747]
  0x00007f93fc0ad000 WatcherThread [stack: 0x00007f93f434d000,0x00007f93f444e000] [id=18777]

VM state:at safepoint (normal execution)

VM Mutex/Monitor currently owned by a thread:  ([mutex/lock_event])
[0x00007f93fc005ed0] ExpandHeap_lock - owner thread: 0x00007f93fc073000
[0x00007f93fc006550] Threads_lock - owner thread: 0x00007f93fc073000
[0x00007f93fc006a50] Heap_lock - owner thread: 0x00007f93fc00a000

Heap
 PSYoungGen      total 466432K, used 21464K [0x00000007d5500000, 0x0000000800000000, 0x0000000800000000)
  eden space 233472K, 0% used [0x00000007d5500000,0x00000007d5500000,0x00000007e3900000)
  from space 232960K, 9% used [0x00000007e3900000,0x00000007e4df62a0,0x00000007f1c80000)
  to   space 232960K, 0% used [0x00000007f1c80000,0x00000007f1c80000,0x0000000800000000)
 ParOldGen       total 1017856K, used 1017770K [0x0000000780000000, 0x00000007be200000, 0x00000007d5500000)
  object space 1017856K, 99% used [0x0000000780000000,0x00000007be1ea870,0x00000007be200000)
 PSPermGen       total 21504K, used 5876K [0x000000077ae00000, 0x000000077c300000, 0x0000000780000000)
  object space 21504K, 27% used [0x000000077ae00000,0x000000077b3bd2c8,0x000000077c300000)

Card table byte_map: [0x00007f93f817f000,0x00007f93f85a9000] byte_map_base: 0x00007f93f45a8000

Polling page: 0x00007f940248b000

Code Cache  [0x00007f93f85a9000, 0x00007f93f8a29000, 0x00007f93fb5a9000)
 total_blobs=1342 nmethods=1115 adapters=180 free_code_cache=44961Kb largest_free_block=45618176

Compilation events (10 events):
Event: 43.865 Thread 0x00007f93fc09d000 1173   !         com.android.dx.cf.code.BytecodeArray::parseInstruction (2764 bytes)
Event: 44.169 Thread 0x00007f93fc09d000 nmethod 1173 0x00007f93f8880dd0 code [0x00007f93f8882500, 0x00007f93f88895f0]
Event: 44.475 Thread 0x00007f93fc0a0000 1174             java.io.FilterInputStream::<init> (10 bytes)
Event: 44.476 Thread 0x00007f93fc0a0000 nmethod 1174 0x00007f93f8895250 code [0x00007f93f8895380, 0x00007f93f8895438]
Event: 44.669 Thread 0x00007f93fc09d000 1175             com.android.dx.rop.code.Rops::opAput (97 bytes)
Event: 44.670 Thread 0x00007f93fc09d000 nmethod 1175 0x00007f93f8a176d0 code [0x00007f93f8a17840, 0x00007f93f8a17988]
Event: 44.817 Thread 0x00007f93fc0a0000 1176             com.android.dx.rop.code.Rops::opOr (21 bytes)
Event: 44.819 Thread 0x00007f93fc0a0000 nmethod 1176 0x00007f93f882a310 code [0x00007f93f882a480, 0x00007f93f882a668]
Event: 45.211 Thread 0x00007f93fc09d000 1177             com.android.dx.cf.attrib.AttExceptions::byteLength (15 bytes)
Event: 45.212 Thread 0x00007f93fc09d000 nmethod 1177 0x00007f93f86e3e50 code [0x00007f93f86e3fa0, 0x00007f93f86e4038]

GC Heap History (10 events):
Event: 43.698 GC heap after
Heap after GC invocations=28 (full 5):
 PSYoungGen      total 507392K, used 189479K [0x00000007d5500000, 0x0000000800000000, 0x0000000800000000)
  eden space 317440K, 0% used [0x00000007d5500000,0x00000007d5500000,0x00000007e8b00000)
  from space 189952K, 99% used [0x00000007e8b00000,0x00000007f4409cb0,0x00000007f4480000)
  to   space 192000K, 0% used [0x00000007f4480000,0x00000007f4480000,0x0000000800000000)
 ParOldGen       total 1017856K, used 702489K [0x0000000780000000, 0x00000007be200000, 0x00000007d5500000)
  object space 1017856K, 69% used [0x0000000780000000,0x00000007aae066c0,0x00000007be200000)
 PSPermGen       total 21504K, used 5875K [0x000000077ae00000, 0x000000077c300000, 0x0000000780000000)
  object space 21504K, 27% used [0x000000077ae00000,0x000000077b3bcd18,0x000000077c300000)
}
Event: 44.295 GC heap before
{Heap before GC invocations=29 (full 5):
 PSYoungGen      total 507392K, used 506919K [0x00000007d5500000, 0x0000000800000000, 0x0000000800000000)
  eden space 317440K, 100% used [0x00000007d5500000,0x00000007e8b00000,0x00000007e8b00000)
  from space 189952K, 99% used [0x00000007e8b00000,0x00000007f4409cb0,0x00000007f4480000)
  to   space 192000K, 0% used [0x00000007f4480000,0x00000007f4480000,0x0000000800000000)
 ParOldGen       total 1017856K, used 702489K [0x0000000780000000, 0x00000007be200000, 0x00000007d5500000)
  object space 1017856K, 69% used [0x0000000780000000,0x00000007aae066c0,0x00000007be200000)
 PSPermGen       total 21504K, used 5876K [0x000000077ae00000, 0x000000077c300000, 0x0000000780000000)
  object space 21504K, 27% used [0x000000077ae00000,0x000000077b3bd168,0x000000077c300000)
Event: 44.441 GC heap after
Heap after GC invocations=29 (full 5):
 PSYoungGen      total 425472K, used 191973K [0x00000007d5500000, 0x0000000800000000, 0x0000000800000000)
  eden space 233472K, 0% used [0x00000007d5500000,0x00000007d5500000,0x00000007e3900000)
  from space 192000K, 99% used [0x00000007f4480000,0x00000007ffff9500,0x0000000800000000)
  to   space 232960K, 0% used [0x00000007e3900000,0x00000007e3900000,0x00000007f1c80000)
 ParOldGen       total 1017856K, used 749488K [0x0000000780000000, 0x00000007be200000, 0x00000007d5500000)
  object space 1017856K, 73% used [0x0000000780000000,0x00000007adbec358,0x00000007be200000)
 PSPermGen       total 21504K, used 5876K [0x000000077ae00000, 0x000000077c300000, 0x0000000780000000)
  object space 21504K, 27% used [0x000000077ae00000,0x000000077b3bd168,0x000000077c300000)
}
Event: 44.838 GC heap before
{Heap before GC invocations=30 (full 5):
 PSYoungGen      total 425472K, used 425445K [0x00000007d5500000, 0x0000000800000000, 0x0000000800000000)
  eden space 233472K, 100% used [0x00000007d5500000,0x00000007e3900000,0x00000007e3900000)
  from space 192000K, 99% used [0x00000007f4480000,0x00000007ffff9500,0x0000000800000000)
  to   space 232960K, 0% used [0x00000007e3900000,0x00000007e3900000,0x00000007f1c80000)
 ParOldGen       total 1017856K, used 749488K [0x0000000780000000, 0x00000007be200000, 0x00000007d5500000)
  object space 1017856K, 73% used [0x0000000780000000,0x00000007adbec358,0x00000007be200000)
 PSPermGen       total 21504K, used 5876K [0x000000077ae00000, 0x000000077c300000, 0x0000000780000000)
  object space 21504K, 27% used [0x000000077ae00000,0x000000077b3bd168,0x000000077c300000)
Event: 44.945 GC heap after
Heap after GC invocations=30 (full 5):
 PSYoungGen      total 466432K, used 228429K [0x00000007d5500000, 0x0000000800000000, 0x0000000800000000)
  eden space 233472K, 0% used [0x00000007d5500000,0x00000007d5500000,0x00000007e3900000)
  from space 232960K, 98% used [0x00000007e3900000,0x00000007f1813610,0x00000007f1c80000)
  to   space 232960K, 0% used [0x00000007f1c80000,0x00000007f1c80000,0x0000000800000000)
 ParOldGen       total 1017856K, used 749488K [0x0000000780000000, 0x00000007be200000, 0x00000007d5500000)
  object space 1017856K, 73% used [0x0000000780000000,0x00000007adbec358,0x00000007be200000)
 PSPermGen       total 21504K, used 5876K [0x000000077ae00000, 0x000000077c300000, 0x0000000780000000)
  object space 21504K, 27% used [0x000000077ae00000,0x000000077b3bd168,0x000000077c300000)
}
Event: 45.341 GC heap before
{Heap before GC invocations=31 (full 5):
 PSYoungGen      total 466432K, used 461901K [0x00000007d5500000, 0x0000000800000000, 0x0000000800000000)
  eden space 233472K, 100% used [0x00000007d5500000,0x00000007e3900000,0x00000007e3900000)
  from space 232960K, 98% used [0x00000007e3900000,0x00000007f1813610,0x00000007f1c80000)
  to   space 232960K, 0% used [0x00000007f1c80000,0x00000007f1c80000,0x0000000800000000)
 ParOldGen       total 1017856K, used 749488K [0x0000000780000000, 0x00000007be200000, 0x00000007d5500000)
  object space 1017856K, 73% used [0x0000000780000000,0x00000007adbec358,0x00000007be200000)
 PSPermGen       total 21504K, used 5876K [0x000000077ae00000, 0x000000077c300000, 0x0000000780000000)
  object space 21504K, 27% used [0x000000077ae00000,0x000000077b3bd328,0x000000077c300000)
Event: 45.494 GC heap after
Heap after GC invocations=31 (full 5):
 PSYoungGen      total 466432K, used 177350K [0x00000007d5500000, 0x0000000800000000, 0x0000000800000000)
  eden space 233472K, 0% used [0x00000007d5500000,0x00000007d5500000,0x00000007e3900000)
  from space 232960K, 76% used [0x00000007f1c80000,0x00000007fc9b1a98,0x0000000800000000)
  to   space 232960K, 0% used [0x00000007e3900000,0x00000007e3900000,0x00000007f1c80000)
 ParOldGen       total 1017856K, used 835291K [0x0000000780000000, 0x00000007be200000, 0x00000007d5500000)
  object space 1017856K, 82% used [0x0000000780000000,0x00000007b2fb6fc0,0x00000007be200000)
 PSPermGen       total 21504K, used 5876K [0x000000077ae00000, 0x000000077c300000, 0x0000000780000000)
  object space 21504K, 27% used [0x000000077ae00000,0x000000077b3bd328,0x000000077c300000)
}
Event: 45.899 GC heap before
{Heap before GC invocations=32 (full 5):
 PSYoungGen      total 466432K, used 410822K [0x00000007d5500000, 0x0000000800000000, 0x0000000800000000)
  eden space 233472K, 100% used [0x00000007d5500000,0x00000007e3900000,0x00000007e3900000)
  from space 232960K, 76% used [0x00000007f1c80000,0x00000007fc9b1a98,0x0000000800000000)
  to   space 232960K, 0% used [0x00000007e3900000,0x00000007e3900000,0x00000007f1c80000)
 ParOldGen       total 1017856K, used 835291K [0x0000000780000000, 0x00000007be200000, 0x00000007d5500000)
  object space 1017856K, 82% used [0x0000000780000000,0x00000007b2fb6fc0,0x00000007be200000)
 PSPermGen       total 21504K, used 5876K [0x000000077ae00000, 0x000000077c300000, 0x0000000780000000)
  object space 21504K, 27% used [0x000000077ae00000,0x000000077b3bd328,0x000000077c300000)
Event: 46.037 GC heap after
Heap after GC invocations=32 (full 5):
 PSYoungGen      total 466432K, used 127787K [0x00000007d5500000, 0x0000000800000000, 0x0000000800000000)
  eden space 233472K, 0% used [0x00000007d5500000,0x00000007d5500000,0x00000007e3900000)
  from space 232960K, 54% used [0x00000007e3900000,0x00000007eb5cac58,0x00000007f1c80000)
  to   space 232960K, 0% used [0x00000007f1c80000,0x00000007f1c80000,0x0000000800000000)
 ParOldGen       total 1017856K, used 920547K [0x0000000780000000, 0x00000007be200000, 0x00000007d5500000)
  object space 1017856K, 90% used [0x0000000780000000,0x00000007b82f8d58,0x00000007be200000)
 PSPermGen       total 21504K, used 5876K [0x000000077ae00000, 0x000000077c300000, 0x0000000780000000)
  object space 21504K, 27% used [0x000000077ae00000,0x000000077b3bd328,0x000000077c300000)
}
Event: 46.037 GC heap before
{Heap before GC invocations=33 (full 6):
 PSYoungGen      total 466432K, used 127787K [0x00000007d5500000, 0x0000000800000000, 0x0000000800000000)
  eden space 233472K, 0% used [0x00000007d5500000,0x00000007d5500000,0x00000007e3900000)
  from space 232960K, 54% used [0x00000007e3900000,0x00000007eb5cac58,0x00000007f1c80000)
  to   space 232960K, 0% used [0x00000007f1c80000,0x00000007f1c80000,0x0000000800000000)
 ParOldGen       total 1017856K, used 920547K [0x0000000780000000, 0x00000007be200000, 0x00000007d5500000)
  object space 1017856K, 90% used [0x0000000780000000,0x00000007b82f8d58,0x00000007be200000)
 PSPermGen       total 21504K, used 5876K [0x000000077ae00000, 0x000000077c300000, 0x0000000780000000)
  object space 21504K, 27% used [0x000000077ae00000,0x000000077b3bd328,0x000000077c300000)

Deoptimization events (10 events):
Event: 35.045 Thread 0x00007f93fc00a000 Uncommon trap: reason=unreached action=reinterpret pc=0x00007f93f87d0ac4 method=com.android.dx.rop.code.LocalItem.compareHandlesNulls(Lcom/android/dx/rop/cst/CstString;Lcom/android/dx/rop/cst/CstString;)I @ 8
Event: 35.258 Thread 0x00007f93fc00a000 Uncommon trap: reason=bimorphic action=maybe_recompile pc=0x00007f93f89e518c method=com.android.dx.cf.code.BytecodeArray.parseInstruction(ILcom/android/dx/cf/code/BytecodeArray$Visitor;)I @ 1224
Event: 35.258 Thread 0x00007f93fc00a000 Uncommon trap: reason=bimorphic action=maybe_recompile pc=0x00007f93f89e518c method=com.android.dx.cf.code.BytecodeArray.parseInstruction(ILcom/android/dx/cf/code/BytecodeArray$Visitor;)I @ 1224
Event: 35.504 Thread 0x00007f93fc00a000 Uncommon trap: reason=bimorphic action=maybe_recompile pc=0x00007f93f8a059d4 method=com.android.dx.cf.code.BytecodeArray.parseInstruction(ILcom/android/dx/cf/code/BytecodeArray$Visitor;)I @ 1099
Event: 35.504 Thread 0x00007f93fc00a000 Uncommon trap: reason=bimorphic action=maybe_recompile pc=0x00007f93f8a059d4 method=com.android.dx.cf.code.BytecodeArray.parseInstruction(ILcom/android/dx/cf/code/BytecodeArray$Visitor;)I @ 1099
Event: 38.380 Thread 0x00007f93fc00a000 Uncommon trap: reason=unreached action=reinterpret pc=0x00007f93f88394b8 method=com.android.dx.dex.code.OutputFinisher.hasLocalInfo(Lcom/android/dx/rop/code/RegisterSpec;)Z @ 1
Event: 42.789 Thread 0x00007f93fc00a000 Uncommon trap: reason=unreached action=reinterpret pc=0x00007f93f89c2ef0 method=com.android.dx.cf.direct.StdAttributeFactory.parse0(Lcom/android/dx/cf/direct/DirectClassFile;ILjava/lang/String;IILcom/android/dx/cf/iface/ParseObserver;)Lcom/android/dx/cf/i
Event: 43.847 Thread 0x00007f93fc00a000 Uncommon trap: reason=bimorphic action=maybe_recompile pc=0x00007f93f8a1aeb8 method=com.android.dx.cf.code.BytecodeArray.parseInstruction(ILcom/android/dx/cf/code/BytecodeArray$Visitor;)I @ 1525
Event: 43.847 Thread 0x00007f93fc00a000 Uncommon trap: reason=bimorphic action=maybe_recompile pc=0x00007f93f8a1aeb8 method=com.android.dx.cf.code.BytecodeArray.parseInstruction(ILcom/android/dx/cf/code/BytecodeArray$Visitor;)I @ 1525
Event: 43.943 Thread 0x00007f93fc00a000 Uncommon trap: reason=class_check action=maybe_recompile pc=0x00007f93f867f50c method=com.android.dx.ssa.SCCP.simulateBranch(Lcom/android/dx/ssa/SsaInsn;)V @ 339

Internal exceptions (10 events):
Event: 35.044 Thread 0x00007f93fc00a000 Implicit null exception at 0x00007f93f86ee506 to 0x00007f93f86ef4e5
Event: 35.044 Thread 0x00007f93fc00a000 Implicit null exception at 0x00007f93f86b9f1e to 0x00007f93f86ba445
Event: 35.044 Thread 0x00007f93fc00a000 Implicit null exception at 0x00007f93f87cba17 to 0x00007f93f87cbbf5
Event: 35.044 Thread 0x00007f93fc00a000 Implicit null exception at 0x00007f93f899bafb to 0x00007f93f899cabd
Event: 35.044 Thread 0x00007f93fc00a000 Implicit null exception at 0x00007f93f897c5f6 to 0x00007f93f897c78d
Event: 35.044 Thread 0x00007f93fc00a000 Implicit null exception at 0x00007f93f897cc35 to 0x00007f93f897cd55
Event: 35.045 Thread 0x00007f93fc00a000 Implicit null exception at 0x00007f93f8686a02 to 0x00007f93f8687b15
Event: 35.045 Thread 0x00007f93fc00a000 Implicit null exception at 0x00007f93f87d0916 to 0x00007f93f87d0ab1
Event: 38.380 Thread 0x00007f93fc00a000 Implicit null exception at 0x00007f93f883946c to 0x00007f93f88394a9
Event: 42.789 Thread 0x00007f93fc00a000 Threw 0x00000007e22bd500 at /HUDSON/workspace/7u-2-build-linux-amd64/jdk7u79/2331/hotspot/src/share/vm/prims/jvm.cpp:1304

Events (10 events):
Event: 44.170 Thread 0x00007f93fc09d000 flushing nmethod 0x00007f93f8981e90
Event: 44.170 Thread 0x00007f93fc09d000 flushing nmethod 0x00007f93f8991f50
Event: 44.295 Executing VM operation: ParallelGCFailedAllocation
Event: 44.441 Executing VM operation: ParallelGCFailedAllocation done
Event: 44.476 Thread 0x00007f93fc0a0000 flushing nmethod 0x00007f93f89a1e50
Event: 44.838 Executing VM operation: ParallelGCFailedAllocation
Event: 44.945 Executing VM operation: ParallelGCFailedAllocation done
Event: 45.341 Executing VM operation: ParallelGCFailedAllocation
Event: 45.494 Executing VM operation: ParallelGCFailedAllocation done
Event: 45.899 Executing VM operation: ParallelGCFailedAllocation


Dynamic libraries:
00400000-00401000 r-xp 00000000 08:05 4604586                            /usr/java/jdk1.7.0_79/bin/java
00600000-00601000 rw-p 00000000 08:05 4604586                            /usr/java/jdk1.7.0_79/bin/java
00f39000-00f5a000 rw-p 00000000 00:00 0                                  [heap]
77ae00000-77c300000 rw-p 00000000 00:00 0 
77c300000-780000000 rw-p 00000000 00:00 0 
780000000-7be200000 rw-p 00000000 00:00 0 
7d4d00000-7d5500000 rw-p 00000000 00:00 0 
7d5500000-800000000 rw-p 00000000 00:00 0 
7f939c000000-7f939c021000 rw-p 00000000 00:00 0 
7f939c021000-7f93a0000000 ---p 00000000 00:00 0 
7f93a4000000-7f93a58c5000 rw-p 00000000 00:00 0 
7f93a58c5000-7f93a8000000 ---p 00000000 00:00 0 
7f93a8000000-7f93a8021000 rw-p 00000000 00:00 0 
7f93a8021000-7f93ac000000 ---p 00000000 00:00 0 
7f93ac000000-7f93ac021000 rw-p 00000000 00:00 0 
7f93ac021000-7f93b0000000 ---p 00000000 00:00 0 
7f93b0000000-7f93b18f4000 rw-p 00000000 00:00 0 
7f93b18f4000-7f93b4000000 ---p 00000000 00:00 0 
7f93b4000000-7f93b4021000 rw-p 00000000 00:00 0 
7f93b4021000-7f93b8000000 ---p 00000000 00:00 0 
7f93b8000000-7f93b8021000 rw-p 00000000 00:00 0 
7f93b8021000-7f93bc000000 ---p 00000000 00:00 0 
7f93bc000000-7f93bc24f000 rw-p 00000000 00:00 0 
7f93bc24f000-7f93c0000000 ---p 00000000 00:00 0 
7f93c3d70000-7f93c8000000 rw-p 00000000 00:00 0 
7f93c8000000-7f93c8021000 rw-p 00000000 00:00 0 
7f93c8021000-7f93cc000000 ---p 00000000 00:00 0 
7f93d0000000-7f93d0021000 rw-p 00000000 00:00 0 
7f93d0021000-7f93d4000000 ---p 00000000 00:00 0 
7f93d4000000-7f93d4021000 rw-p 00000000 00:00 0 
7f93d4021000-7f93d8000000 ---p 00000000 00:00 0 
7f93d8000000-7f93d8021000 rw-p 00000000 00:00 0 
7f93d8021000-7f93dc000000 ---p 00000000 00:00 0 
7f93dc000000-7f93dc021000 rw-p 00000000 00:00 0 
7f93dc021000-7f93e0000000 ---p 00000000 00:00 0 
7f93e0000000-7f93e0021000 rw-p 00000000 00:00 0 
7f93e0021000-7f93e4000000 ---p 00000000 00:00 0 
7f93e8000000-7f93e8021000 rw-p 00000000 00:00 0 
7f93e8021000-7f93ec000000 ---p 00000000 00:00 0 
7f93efbd8000-7f93efbee000 r-xp 00000000 08:05 4602560                    /usr/java/jdk1.7.0_79/jre/lib/amd64/libnet.so
7f93efbee000-7f93efdee000 ---p 00016000 08:05 4602560                    /usr/java/jdk1.7.0_79/jre/lib/amd64/libnet.so
7f93efdee000-7f93efdef000 rw-p 00016000 08:05 4602560                    /usr/java/jdk1.7.0_79/jre/lib/amd64/libnet.so
7f93efdef000-7f93efdff000 r-xp 00000000 08:05 4602526                    /usr/java/jdk1.7.0_79/jre/lib/amd64/libnio.so
7f93efdff000-7f93effff000 ---p 00010000 08:05 4602526                    /usr/java/jdk1.7.0_79/jre/lib/amd64/libnio.so
7f93effff000-7f93f0000000 rw-p 00010000 08:05 4602526                    /usr/java/jdk1.7.0_79/jre/lib/amd64/libnio.so
7f93f0000000-7f93f0021000 rw-p 00000000 00:00 0 
7f93f0021000-7f93f4000000 ---p 00000000 00:00 0 
7f93f41d0000-7f93f4227000 rw-p 00000000 00:00 0 
7f93f4227000-7f93f434d000 r--s 00eae000 00:26 2627751                    /home/danyl/.gradle/caches/modules-2/files-2.1/com.google.appengine/appengine-api-1.0-sdk/1.9.20/3a85431ad0cb697ecce116bffe8e079cffc8c183/appengine-api-1.0-sdk-1.9.20.jar
7f93f434d000-7f93f434e000 ---p 00000000 00:00 0 
7f93f434e000-7f93f444e000 rw-p 00000000 00:00 0                          [stack:18777]
7f93f444e000-7f93f4451000 ---p 00000000 00:00 0 
7f93f4451000-7f93f454f000 rw-p 00000000 00:00 0                          [stack:18772]
7f93f454f000-7f93f4552000 ---p 00000000 00:00 0 
7f93f4552000-7f93f4650000 rw-p 00000000 00:00 0                          [stack:18771]
7f93f4650000-7f93f4653000 ---p 00000000 00:00 0 
7f93f4653000-7f93f4751000 rw-p 00000000 00:00 0                          [stack:18769]
7f93f4751000-7f93f4754000 ---p 00000000 00:00 0 
7f93f4754000-7f93f4852000 rw-p 00000000 00:00 0                          [stack:18767]
7f93f4852000-7f93f50a1000 r--p 00000000 08:05 4201954                    /usr/lib/locale/locale-archive
7f93f50a1000-7f93f50a4000 ---p 00000000 00:00 0 
7f93f50a4000-7f93f51a2000 rw-p 00000000 00:00 0                          [stack:18755]
7f93f51a2000-7f93f51a5000 ---p 00000000 00:00 0 
7f93f51a5000-7f93f52a3000 rw-p 00000000 00:00 0                          [stack:18754]
7f93f52a3000-7f93f52a4000 ---p 00000000 00:00 0 
7f93f52a4000-7f93f7012000 rw-p 00000000 00:00 0                          [stack:18747]
7f93f7012000-7f93f71d2000 r--s 039f7000 08:05 4603126                    /usr/java/jdk1.7.0_79/jre/lib/rt.jar
7f93f71d2000-7f93f76cc000 rw-p 00000000 00:00 0 
7f93f76cc000-7f93f76cd000 ---p 00000000 00:00 0 
7f93f76cd000-7f93f77cd000 rw-p 00000000 00:00 0                          [stack:18742]
7f93f77cd000-7f93f77ce000 ---p 00000000 00:00 0 
7f93f77ce000-7f93f78ce000 rw-p 00000000 00:00 0                          [stack:18740]
7f93f78ce000-7f93f78cf000 ---p 00000000 00:00 0 
7f93f78cf000-7f93f79cf000 rw-p 00000000 00:00 0                          [stack:18738]
7f93f79cf000-7f93f79d0000 ---p 00000000 00:00 0 
7f93f79d0000-7f93f7ad0000 rw-p 00000000 00:00 0                          [stack:18736]
7f93f7ad0000-7f93f7ad1000 ---p 00000000 00:00 0 
7f93f7ad1000-7f93f7bd1000 rw-p 00000000 00:00 0                          [stack:18732]
7f93f7bd1000-7f93f7bd2000 ---p 00000000 00:00 0 
7f93f7bd2000-7f93f7cd2000 rw-p 00000000 00:00 0                          [stack:18729]
7f93f7cd2000-7f93f7cd3000 ---p 00000000 00:00 0 
7f93f7cd3000-7f93f7dd3000 rw-p 00000000 00:00 0                          [stack:18726]
7f93f7dd3000-7f93f7dd4000 ---p 00000000 00:00 0 
7f93f7dd4000-7f93f80c5000 rw-p 00000000 00:00 0                          [stack:18724]
7f93f80c5000-7f93f817f000 rw-p 00000000 00:00 0 
7f93f817f000-7f93f818a000 rw-p 00000000 00:00 0 
7f93f818a000-7f93f81a8000 rw-p 00000000 00:00 0 
7f93f81a8000-7f93f8399000 rw-p 00000000 00:00 0 
7f93f8399000-7f93f8452000 rw-p 00000000 00:00 0 
7f93f8452000-7f93f85a8000 rw-p 00000000 00:00 0 
7f93f85a8000-7f93f85a9000 rw-p 00000000 00:00 0 
7f93f85a9000-7f93f8a29000 rwxp 00000000 00:00 0 
7f93f8a29000-7f93fb5a9000 rw-p 00000000 00:00 0 
7f93fb5a9000-7f93fb5c3000 r-xp 00000000 08:05 4602555                    /usr/java/jdk1.7.0_79/jre/lib/amd64/libzip.so
7f93fb5c3000-7f93fb7c3000 ---p 0001a000 08:05 4602555                    /usr/java/jdk1.7.0_79/jre/lib/amd64/libzip.so
7f93fb7c3000-7f93fb7c4000 rw-p 0001a000 08:05 4602555                    /usr/java/jdk1.7.0_79/jre/lib/amd64/libzip.so
7f93fb7c4000-7f93fb7cf000 r-xp 00000000 08:05 4462328                    /lib/x86_64-linux-gnu/libnss_files-2.19.so
7f93fb7cf000-7f93fb9ce000 ---p 0000b000 08:05 4462328                    /lib/x86_64-linux-gnu/libnss_files-2.19.so
7f93fb9ce000-7f93fb9cf000 r--p 0000a000 08:05 4462328                    /lib/x86_64-linux-gnu/libnss_files-2.19.so
7f93fb9cf000-7f93fb9d0000 rw-p 0000b000 08:05 4462328                    /lib/x86_64-linux-gnu/libnss_files-2.19.so
7f93fb9d0000-7f93fb9db000 r-xp 00000000 08:05 4462330                    /lib/x86_64-linux-gnu/libnss_nis-2.19.so
7f93fb9db000-7f93fbbda000 ---p 0000b000 08:05 4462330                    /lib/x86_64-linux-gnu/libnss_nis-2.19.so
7f93fbbda000-7f93fbbdb000 r--p 0000a000 08:05 4462330                    /lib/x86_64-linux-gnu/libnss_nis-2.19.so
7f93fbbdb000-7f93fbbdc000 rw-p 0000b000 08:05 4462330                    /lib/x86_64-linux-gnu/libnss_nis-2.19.so
7f93fbbdc000-7f93fbbf3000 r-xp 00000000 08:05 4462314                    /lib/x86_64-linux-gnu/libnsl-2.19.so
7f93fbbf3000-7f93fbdf2000 ---p 00017000 08:05 4462314                    /lib/x86_64-linux-gnu/libnsl-2.19.so
7f93fbdf2000-7f93fbdf3000 r--p 00016000 08:05 4462314                    /lib/x86_64-linux-gnu/libnsl-2.19.so
7f93fbdf3000-7f93fbdf4000 rw-p 00017000 08:05 4462314                    /lib/x86_64-linux-gnu/libnsl-2.19.so
7f93fbdf4000-7f93fbdf6000 rw-p 00000000 00:00 0 
7f93fbdf6000-7f93fbdff000 r-xp 00000000 08:05 4462315                    /lib/x86_64-linux-gnu/libnss_compat-2.19.so
7f93fbdff000-7f93fbffe000 ---p 00009000 08:05 4462315                    /lib/x86_64-linux-gnu/libnss_compat-2.19.so
7f93fbffe000-7f93fbfff000 r--p 00008000 08:05 4462315                    /lib/x86_64-linux-gnu/libnss_compat-2.19.so
7f93fbfff000-7f93fc000000 rw-p 00009000 08:05 4462315                    /lib/x86_64-linux-gnu/libnss_compat-2.19.so
7f93fc000000-7f93fc37a000 rw-p 00000000 00:00 0 
7f93fc37a000-7f9400000000 ---p 00000000 00:00 0 
7f9400012000-7f9400090000 rw-p 00000000 00:00 0 
7f9400090000-7f94000ae000 rw-p 00000000 00:00 0 
7f94000ae000-7f94000d7000 r-xp 00000000 08:05 4602521                    /usr/java/jdk1.7.0_79/jre/lib/amd64/libjava.so
7f94000d7000-7f94002d7000 ---p 00029000 08:05 4602521                    /usr/java/jdk1.7.0_79/jre/lib/amd64/libjava.so
7f94002d7000-7f94002d9000 rw-p 00029000 08:05 4602521                    /usr/java/jdk1.7.0_79/jre/lib/amd64/libjava.so
7f94002d9000-7f94002e6000 r-xp 00000000 08:05 4602548                    /usr/java/jdk1.7.0_79/jre/lib/amd64/libverify.so
7f94002e6000-7f94004e5000 ---p 0000d000 08:05 4602548                    /usr/java/jdk1.7.0_79/jre/lib/amd64/libverify.so
7f94004e5000-7f94004e7000 rw-p 0000c000 08:05 4602548                    /usr/java/jdk1.7.0_79/jre/lib/amd64/libverify.so
7f94004e7000-7f94004ee000 r-xp 00000000 08:05 4462331                    /lib/x86_64-linux-gnu/librt-2.19.so
7f94004ee000-7f94006ed000 ---p 00007000 08:05 4462331                    /lib/x86_64-linux-gnu/librt-2.19.so
7f94006ed000-7f94006ee000 r--p 00006000 08:05 4462331                    /lib/x86_64-linux-gnu/librt-2.19.so
7f94006ee000-7f94006ef000 rw-p 00007000 08:05 4462331                    /lib/x86_64-linux-gnu/librt-2.19.so
7f94006ef000-7f94007f4000 r-xp 00000000 08:05 4462310                    /lib/x86_64-linux-gnu/libm-2.19.so
7f94007f4000-7f94009f3000 ---p 00105000 08:05 4462310                    /lib/x86_64-linux-gnu/libm-2.19.so
7f94009f3000-7f94009f4000 r--p 00104000 08:05 4462310                    /lib/x86_64-linux-gnu/libm-2.19.so
7f94009f4000-7f94009f5000 rw-p 00105000 08:05 4462310                    /lib/x86_64-linux-gnu/libm-2.19.so
7f94009f5000-7f940156a000 r-xp 00000000 08:05 4602575                    /usr/java/jdk1.7.0_79/jre/lib/amd64/server/libjvm.so
7f940156a000-7f940176a000 ---p 00b75000 08:05 4602575                    /usr/java/jdk1.7.0_79/jre/lib/amd64/server/libjvm.so
7f940176a000-7f940182e000 rw-p 00b75000 08:05 4602575                    /usr/java/jdk1.7.0_79/jre/lib/amd64/server/libjvm.so
7f940182e000-7f940186f000 rw-p 00000000 00:00 0 
7f940186f000-7f9401a29000 r-xp 00000000 08:05 4462329                    /lib/x86_64-linux-gnu/libc-2.19.so
7f9401a29000-7f9401c28000 ---p 001ba000 08:05 4462329                    /lib/x86_64-linux-gnu/libc-2.19.so
7f9401c28000-7f9401c2c000 r--p 001b9000 08:05 4462329                    /lib/x86_64-linux-gnu/libc-2.19.so
7f9401c2c000-7f9401c2e000 rw-p 001bd000 08:05 4462329                    /lib/x86_64-linux-gnu/libc-2.19.so
7f9401c2e000-7f9401c33000 rw-p 00000000 00:00 0 
7f9401c33000-7f9401c36000 r-xp 00000000 08:05 4462317                    /lib/x86_64-linux-gnu/libdl-2.19.so
7f9401c36000-7f9401e35000 ---p 00003000 08:05 4462317                    /lib/x86_64-linux-gnu/libdl-2.19.so
7f9401e35000-7f9401e36000 r--p 00002000 08:05 4462317                    /lib/x86_64-linux-gnu/libdl-2.19.so
7f9401e36000-7f9401e37000 rw-p 00003000 08:05 4462317                    /lib/x86_64-linux-gnu/libdl-2.19.so
7f9401e37000-7f9401e4d000 r-xp 00000000 08:05 4603307                    /usr/java/jdk1.7.0_79/lib/amd64/jli/libjli.so
7f9401e4d000-7f940204d000 ---p 00016000 08:05 4603307                    /usr/java/jdk1.7.0_79/lib/amd64/jli/libjli.so
7f940204d000-7f940204e000 rw-p 00016000 08:05 4603307                    /usr/java/jdk1.7.0_79/lib/amd64/jli/libjli.so
7f940204e000-7f9402067000 r-xp 00000000 08:05 4462318                    /lib/x86_64-linux-gnu/libpthread-2.19.so
7f9402067000-7f9402266000 ---p 00019000 08:05 4462318                    /lib/x86_64-linux-gnu/libpthread-2.19.so
7f9402266000-7f9402267000 r--p 00018000 08:05 4462318                    /lib/x86_64-linux-gnu/libpthread-2.19.so
7f9402267000-7f9402268000 rw-p 00019000 08:05 4462318                    /lib/x86_64-linux-gnu/libpthread-2.19.so
7f9402268000-7f940226c000 rw-p 00000000 00:00 0 
7f940226c000-7f940228f000 r-xp 00000000 08:05 4462324                    /lib/x86_64-linux-gnu/ld-2.19.so
7f94022a5000-7f94022b7000 rw-p 00000000 00:00 0 
7f94022b7000-7f9402365000 rw-p 00000000 00:00 0 
7f9402365000-7f9402368000 ---p 00000000 00:00 0 
7f9402368000-7f940246a000 rw-p 00000000 00:00 0                          [stack:18722]
7f9402472000-7f9402473000 rw-p 00000000 00:00 0 
7f9402473000-7f9402482000 r--s 000dd000 00:26 3278540                    /home/danyl/Android/Sdk/build-tools/22.0.1/lib/dx.jar
7f9402482000-7f940248a000 rw-s 00000000 08:05 2896588                    /tmp/hsperfdata_danyl/18720
7f940248a000-7f940248b000 rw-p 00000000 00:00 0 
7f940248b000-7f940248c000 ---p 00000000 00:00 0 
7f940248c000-7f940248e000 rw-p 00000000 00:00 0 
7f940248e000-7f940248f000 r--p 00022000 08:05 4462324                    /lib/x86_64-linux-gnu/ld-2.19.so
7f940248f000-7f9402490000 rw-p 00023000 08:05 4462324                    /lib/x86_64-linux-gnu/ld-2.19.so
7f9402490000-7f9402491000 rw-p 00000000 00:00 0 
7fff0e766000-7fff0e787000 rw-p 00000000 00:00 0                          [stack]
7fff0e7fc000-7fff0e7fe000 r-xp 00000000 00:00 0                          [vdso]
7fff0e7fe000-7fff0e800000 r--p 00000000 00:00 0                          [vvar]
ffffffffff600000-ffffffffff601000 r-xp 00000000 00:00 0                  [vsyscall]

VM Arguments:
jvm_args: -Xmx2048M -Dfile.encoding=UTF-8 -Duser.country=CA -Duser.language=en -Duser.variant 
java_command: com.android.dx.command.Main --dex --output /home/danyl/AndroidStudioProjects/RPSDuel/app/build/intermediates/pre-dexed/debug/appengine-api-1.0-sdk-1.9.20-3f062c06d9ef8942bd4c10610148b5d8e65879c0.jar /home/danyl/.gradle/caches/modules-2/files-2.1/com.google.appengine/appengine-api-1.0-sdk/1.9.20/3a85431ad0cb697ecce116bffe8e079cffc8c183/appengine-api-1.0-sdk-1.9.20.jar
Launcher Type: SUN_STANDARD

Environment Variables:
JAVA_HOME=/usr/java/default
PATH=/usr/local/heroku/bin:/home/danyl/.rbenv/shims:/home/danyl/.rbenv/bin:/home/danyl/bin:/usr/local/sbin:/usr/local/bin:/usr/sbin:/usr/bin:/sbin:/bin:/usr/games:/usr/local/games:/usr/java/default/bin
LD_LIBRARY_PATH=/usr/local/bin/android-studio/bin:
SHELL=/usr/bin/zsh
DISPLAY=:0.0

Signal Handlers:
SIGSEGV: [libjvm.so+0x9a3bf0], sa_mask[0]=0x7ffbfeff, sa_flags=0x10000004
SIGBUS: [libjvm.so+0x9a3bf0], sa_mask[0]=0x7ffbfeff, sa_flags=0x10000004
SIGFPE: [libjvm.so+0x81cb60], sa_mask[0]=0x7ffbfeff, sa_flags=0x10000004
SIGPIPE: [libjvm.so+0x81cb60], sa_mask[0]=0x7ffbfeff, sa_flags=0x10000004
SIGXFSZ: [libjvm.so+0x81cb60], sa_mask[0]=0x7ffbfeff, sa_flags=0x10000004
SIGILL: [libjvm.so+0x81cb60], sa_mask[0]=0x7ffbfeff, sa_flags=0x10000004
SIGUSR1: SIG_DFL, sa_mask[0]=0x00000000, sa_flags=0x00000000
SIGUSR2: [libjvm.so+0x81e360], sa_mask[0]=0x00000004, sa_flags=0x10000004
SIGHUP: [libjvm.so+0x81f480], sa_mask[0]=0x7ffbfeff, sa_flags=0x10000004
SIGINT: [libjvm.so+0x81f480], sa_mask[0]=0x7ffbfeff, sa_flags=0x10000004
SIGTERM: [libjvm.so+0x81f480], sa_mask[0]=0x7ffbfeff, sa_flags=0x10000004
SIGQUIT: [libjvm.so+0x81f480], sa_mask[0]=0x7ffbfeff, sa_flags=0x10000004


---------------  S Y S T E M  ---------------

OS:jessie/sid

uname:Linux 3.16.0-30-generic #40-Ubuntu SMP Mon Jan 12 22:06:37 UTC 2015 x86_64
libc:glibc 2.19 NPTL 2.19 
rlimit: STACK 8192k, CORE 0k, NPROC 30544, NOFILE 4096, AS infinity
load average:10.81 5.15 4.02

/proc/meminfo:
MemTotal:        8080288 kB
MemFree:          156320 kB
MemAvailable:     225364 kB
Buffers:           19256 kB
Cached:           291372 kB
SwapCached:            0 kB
Active:          7291836 kB
Inactive:         193428 kB
Active(anon):    7179248 kB
Inactive(anon):    99964 kB
Active(file):     112588 kB
Inactive(file):    93464 kB
Unevictable:          36 kB
Mlocked:              32 kB
SwapTotal:             0 kB
SwapFree:              0 kB
Dirty:               352 kB
Writeback:             0 kB
AnonPages:       7175708 kB
Mapped:           323812 kB
Shmem:            103560 kB
Slab:             128580 kB
SReclaimable:      63836 kB
SUnreclaim:        64744 kB
KernelStack:       10976 kB
PageTables:        47112 kB
NFS_Unstable:          0 kB
Bounce:                0 kB
WritebackTmp:          0 kB
CommitLimit:     4040144 kB
Committed_AS:   12111872 kB
VmallocTotal:   34359738367 kB
VmallocUsed:      254100 kB
VmallocChunk:   34359478140 kB
HardwareCorrupted:     0 kB
AnonHugePages:   3766272 kB
HugePages_Total:       0
HugePages_Free:        0
HugePages_Rsvd:        0
HugePages_Surp:        0
Hugepagesize:       2048 kB
DirectMap4k:      438940 kB
DirectMap2M:     7854080 kB


CPU:total 8 (4 cores per cpu, 2 threads per core) family 6 model 58 stepping 9, cmov, cx8, fxsr, mmx, sse, sse2, sse3, ssse3, sse4.1, sse4.2, popcnt, avx, aes, erms, ht, tsc, tscinvbit, tscinv

/proc/cpuinfo:
processor	: 0
vendor_id	: GenuineIntel
cpu family	: 6
model		: 58
model name	: Intel(R) Core(TM) i7-3615QM CPU @ 2.30GHz
stepping	: 9
microcode	: 0x15
cpu MHz		: 2899.976
cache size	: 6144 KB
physical id	: 0
siblings	: 8
core id		: 0
cpu cores	: 4
apicid		: 0
initial apicid	: 0
fpu		: yes
fpu_exception	: yes
cpuid level	: 13
wp		: yes
flags		: fpu vme de pse tsc msr pae mce cx8 apic sep mtrr pge mca cmov pat pse36 clflush dts acpi mmx fxsr sse sse2 ss ht tm pbe syscall nx rdtscp lm constant_tsc arch_perfmon pebs bts rep_good nopl xtopology nonstop_tsc aperfmperf eagerfpu pni pclmulqdq dtes64 monitor ds_cpl vmx est tm2 ssse3 cx16 xtpr pdcm pcid sse4_1 sse4_2 x2apic popcnt tsc_deadline_timer aes xsave avx f16c rdrand lahf_lm ida arat xsaveopt pln pts dtherm tpr_shadow vnmi flexpriority ept vpid fsgsbase smep erms
bogomips	: 4589.41
clflush size	: 64
cache_alignment	: 64
address sizes	: 36 bits physical, 48 bits virtual
power management:

processor	: 1
vendor_id	: GenuineIntel
cpu family	: 6
model		: 58
model name	: Intel(R) Core(TM) i7-3615QM CPU @ 2.30GHz
stepping	: 9
microcode	: 0x15
cpu MHz		: 2900.066
cache size	: 6144 KB
physical id	: 0
siblings	: 8
core id		: 1
cpu cores	: 4
apicid		: 2
initial apicid	: 2
fpu		: yes
fpu_exception	: yes
cpuid level	: 13
wp		: yes
flags		: fpu vme de pse tsc msr pae mce cx8 apic sep mtrr pge mca cmov pat pse36 clflush dts acpi mmx fxsr sse sse2 ss ht tm pbe syscall nx rdtscp lm constant_tsc arch_perfmon pebs bts rep_good nopl xtopology nonstop_tsc aperfmperf eagerfpu pni pclmulqdq dtes64 monitor ds_cpl vmx est tm2 ssse3 cx16 xtpr pdcm pcid sse4_1 sse4_2 x2apic popcnt tsc_deadline_timer aes xsave avx f16c rdrand lahf_lm ida arat xsaveopt pln pts dtherm tpr_shadow vnmi flexpriority ept vpid fsgsbase smep erms
bogomips	: 4589.41
clflush size	: 64
cache_alignment	: 64
address sizes	: 36 bits physical, 48 bits virtual
power management:

processor	: 2
vendor_id	: GenuineIntel
cpu family	: 6
model		: 58
model name	: Intel(R) Core(TM) i7-3615QM CPU @ 2.30GHz
stepping	: 9
microcode	: 0x15
cpu MHz		: 2900.066
cache size	: 6144 KB
physical id	: 0
siblings	: 8
core id		: 2
cpu cores	: 4
apicid		: 4
initial apicid	: 4
fpu		: yes
fpu_exception	: yes
cpuid level	: 13
wp		: yes
flags		: fpu vme de pse tsc msr pae mce cx8 apic sep mtrr pge mca cmov pat pse36 clflush dts acpi mmx fxsr sse sse2 ss ht tm pbe syscall nx rdtscp lm constant_tsc arch_perfmon pebs bts rep_good nopl xtopology nonstop_tsc aperfmperf eagerfpu pni pclmulqdq dtes64 monitor ds_cpl vmx est tm2 ssse3 cx16 xtpr pdcm pcid sse4_1 sse4_2 x2apic popcnt tsc_deadline_timer aes xsave avx f16c rdrand lahf_lm ida arat xsaveopt pln pts dtherm tpr_shadow vnmi flexpriority ept vpid fsgsbase smep erms
bogomips	: 4589.41
clflush size	: 64
cache_alignment	: 64
address sizes	: 36 bits physical, 48 bits virtual
power management:

processor	: 3
vendor_id	: GenuineIntel
cpu family	: 6
model		: 58
model name	: Intel(R) Core(TM) i7-3615QM CPU @ 2.30GHz
stepping	: 9
microcode	: 0x15
cpu MHz		: 2899.976
cache size	: 6144 KB
physical id	: 0
siblings	: 8
core id		: 3
cpu cores	: 4
apicid		: 6
initial apicid	: 6
fpu		: yes
fpu_exception	: yes
cpuid level	: 13
wp		: yes
flags		: fpu vme de pse tsc msr pae mce cx8 apic sep mtrr pge mca cmov pat pse36 clflush dts acpi mmx fxsr sse sse2 ss ht tm pbe syscall nx rdtscp lm constant_tsc arch_perfmon pebs bts rep_good nopl xtopology nonstop_tsc aperfmperf eagerfpu pni pclmulqdq dtes64 monitor ds_cpl vmx est tm2 ssse3 cx16 xtpr pdcm pcid sse4_1 sse4_2 x2apic popcnt tsc_deadline_timer aes xsave avx f16c rdrand lahf_lm ida arat xsaveopt pln pts dtherm tpr_shadow vnmi flexpriority ept vpid fsgsbase smep erms
bogomips	: 4589.41
clflush size	: 64
cache_alignment	: 64
address sizes	: 36 bits physical, 48 bits virtual
power management:

processor	: 4
vendor_id	: GenuineIntel
cpu family	: 6
model		: 58
model name	: Intel(R) Core(TM) i7-3615QM CPU @ 2.30GHz
stepping	: 9
microcode	: 0x15
cpu MHz		: 2899.976
cache size	: 6144 KB
physical id	: 0
siblings	: 8
core id		: 0
cpu cores	: 4
apicid		: 1
initial apicid	: 1
fpu		: yes
fpu_exception	: yes
cpuid level	: 13
wp		: yes
flags		: fpu vme de pse tsc msr pae mce cx8 apic sep mtrr pge mca cmov pat pse36 clflush dts acpi mmx fxsr sse sse2 ss ht tm pbe syscall nx rdtscp lm constant_tsc arch_perfmon pebs bts rep_good nopl xtopology nonstop_tsc aperfmperf eagerfpu pni pclmulqdq dtes64 monitor ds_cpl vmx est tm2 ssse3 cx16 xtpr pdcm pcid sse4_1 sse4_2 x2apic popcnt tsc_deadline_timer aes xsave avx f16c rdrand lahf_lm ida arat xsaveopt pln pts dtherm tpr_shadow vnmi flexpriority ept vpid fsgsbase smep erms
bogomips	: 4589.41
clflush size	: 64
cache_alignment	: 64
address sizes	: 36 bits physical, 48 bits virtual
power management:

processor	: 5
vendor_id	: GenuineIntel
cpu family	: 6
model		: 58
model name	: Intel(R) Core(TM) i7-3615QM CPU @ 2.30GHz
stepping	: 9
microcode	: 0x15
cpu MHz		: 2899.976
cache size	: 6144 KB
physical id	: 0
siblings	: 8
core id		: 1
cpu cores	: 4
apicid		: 3
initial apicid	: 3
fpu		: yes
fpu_exception	: yes
cpuid level	: 13
wp		: yes
flags		: fpu vme de pse tsc msr pae mce cx8 apic sep mtrr pge mca cmov pat pse36 clflush dts acpi mmx fxsr sse sse2 ss ht tm pbe syscall nx rdtscp lm constant_tsc arch_perfmon pebs bts rep_good nopl xtopology nonstop_tsc aperfmperf eagerfpu pni pclmulqdq dtes64 monitor ds_cpl vmx est tm2 ssse3 cx16 xtpr pdcm pcid sse4_1 sse4_2 x2apic popcnt tsc_deadline_timer aes xsave avx f16c rdrand lahf_lm ida arat xsaveopt pln pts dtherm tpr_shadow vnmi flexpriority ept vpid fsgsbase smep erms
bogomips	: 4589.41
clflush size	: 64
cache_alignment	: 64
address sizes	: 36 bits physical, 48 bits virtual
power management:

processor	: 6
vendor_id	: GenuineIntel
cpu family	: 6
model		: 58
model name	: Intel(R) Core(TM) i7-3615QM CPU @ 2.30GHz
stepping	: 9
microcode	: 0x15
cpu MHz		: 2899.976
cache size	: 6144 KB
physical id	: 0
siblings	: 8
core id		: 2
cpu cores	: 4
apicid		: 5
initial apicid	: 5
fpu		: yes
fpu_exception	: yes
cpuid level	: 13
wp		: yes
flags		: fpu vme de pse tsc msr pae mce cx8 apic sep mtrr pge mca cmov pat pse36 clflush dts acpi mmx fxsr sse sse2 ss ht tm pbe syscall nx rdtscp lm constant_tsc arch_perfmon pebs bts rep_good nopl xtopology nonstop_tsc aperfmperf eagerfpu pni pclmulqdq dtes64 monitor ds_cpl vmx est tm2 ssse3 cx16 xtpr pdcm pcid sse4_1 sse4_2 x2apic popcnt tsc_deadline_timer aes xsave avx f16c rdrand lahf_lm ida arat xsaveopt pln pts dtherm tpr_shadow vnmi flexpriority ept vpid fsgsbase smep erms
bogomips	: 4589.41
clflush size	: 64
cache_alignment	: 64
address sizes	: 36 bits physical, 48 bits virtual
power management:

processor	: 7
vendor_id	: GenuineIntel
cpu family	: 6
model		: 58
model name	: Intel(R) Core(TM) i7-3615QM CPU @ 2.30GHz
stepping	: 9
microcode	: 0x15
cpu MHz		: 2899.976
cache size	: 6144 KB
physical id	: 0
siblings	: 8
core id		: 3
cpu cores	: 4
apicid		: 7
initial apicid	: 7
fpu		: yes
fpu_exception	: yes
cpuid level	: 13
wp		: yes
flags		: fpu vme de pse tsc msr pae mce cx8 apic sep mtrr pge mca cmov pat pse36 clflush dts acpi mmx fxsr sse sse2 ss ht tm pbe syscall nx rdtscp lm constant_tsc arch_perfmon pebs bts rep_good nopl xtopology nonstop_tsc aperfmperf eagerfpu pni pclmulqdq dtes64 monitor ds_cpl vmx est tm2 ssse3 cx16 xtpr pdcm pcid sse4_1 sse4_2 x2apic popcnt tsc_deadline_timer aes xsave avx f16c rdrand lahf_lm ida arat xsaveopt pln pts dtherm tpr_shadow vnmi flexpriority ept vpid fsgsbase smep erms
bogomips	: 4589.41
clflush size	: 64
cache_alignment	: 64
address sizes	: 36 bits physical, 48 bits virtual
power management:



Memory: 4k page, physical 8080288k(156320k free), swap 0k(0k free)

vm_info: Java HotSpot(TM) 64-Bit Server VM (24.79-b02) for linux-amd64 JRE (1.7.0_79-b15), built on Apr 10 2015 11:34:48 by "java_re" with gcc 4.3.0 20080428 (Red Hat 4.3.0-8)

time: Thu May  7 11:39:51 2015
elapsed time: 48 seconds

